#
# There is insufficient memory for the Java Runtime Environment to continue.
# Native memory allocation (malloc) failed to allocate 32744 bytes for ChunkPool::allocate
# Possible reasons:
#   The system is out of physical RAM or swap space
#   The process is running with CompressedOops enabled, and the Java Heap may be blocking the growth of the native heap
# Possible solutions:
#   Reduce memory load on the system
#   Increase physical memory or swap space
#   Check if swap backing store is full
#   Decrease Java heap size (-Xmx/-Xms)
#   Decrease number of Java threads
#   Decrease Java thread stack sizes (-Xss)
#   Set larger code cache with -XX:ReservedCodeCacheSize=
#   JVM is running with Unscaled Compressed Oops mode in which the Java heap is
#     placed in the first 4GB address space. The Java Heap base address is the
#     maximum limit for the native heap growth. Please use -XX:HeapBaseMinAddress
#     to set the Java Heap base and to place the Java Heap above 4GB virtual address.
# This output file may be truncated or incomplete.
#
#  Out of Memory Error (arena.cpp:79), pid=22024, tid=26724
#
# JRE version: OpenJDK Runtime Environment JBR-17.0.9+7-1087.11-jcef (17.0.9+7) (build 17.0.9+7-b1087.11)
# Java VM: OpenJDK 64-Bit Server VM JBR-17.0.9+7-1087.11-jcef (17.0.9+7-b1087.11, mixed mode, tiered, compressed oops, compressed class ptrs, g1 gc, windows-amd64)
# No core dump will be written. Minidumps are not enabled by default on client versions of Windows
#

---------------  S U M M A R Y ------------

Command Line: git4idea.http.GitAskPassApp Username for 'https://github.com': 

Host: Intel(R) Core(TM) i3-10110U CPU @ 2.10GHz, 4 cores, 7G,  Windows 11 , 64 bit Build 22621 (10.0.22621.3374)
Time: Wed May  8 20:59:49 2024  Windows 11 , 64 bit Build 22621 (10.0.22621.3374) elapsed time: 0.231119 seconds (0d 0h 0m 0s)

---------------  T H R E A D  ---------------

Current thread (0x000001291f241200):  JavaThread "C2 CompilerThread0" daemon [_thread_in_native, id=26724, stack(0x00000005fda00000,0x00000005fdb00000)]


Current CompileTask:
C2:    231   98       4       java.lang.String::hashCode (60 bytes)

Stack: [0x00000005fda00000,0x00000005fdb00000]
Native frames: (J=compiled Java code, j=interpreted, Vv=VM code, C=native code)
V  [jvm.dll+0x688349]
V  [jvm.dll+0x841bfa]
V  [jvm.dll+0x84383e]
V  [jvm.dll+0x843ea3]
V  [jvm.dll+0x24bdef]
V  [jvm.dll+0xac66c]
V  [jvm.dll+0xaca9c]
V  [jvm.dll+0x571bb8]
V  [jvm.dll+0x1be44b]
V  [jvm.dll+0x21dbb9]
V  [jvm.dll+0x21ce81]
V  [jvm.dll+0x1a66dd]
V  [jvm.dll+0x22cd28]
V  [jvm.dll+0x22ae60]
V  [jvm.dll+0x7f6087]
V  [jvm.dll+0x7f043a]
V  [jvm.dll+0x6871c5]
C  [ucrtbase.dll+0x29333]
C  [KERNEL32.DLL+0x1257d]
C  [ntdll.dll+0x5aa48]


---------------  P R O C E S S  ---------------

Threads class SMR info:
_java_thread_list=0x000001291f3a1870, length=12, elements={
0x000001290599edb0, 0x000001291f09a550, 0x000001291f09bb70, 0x000001291f220960,
0x000001291f221520, 0x000001291f2220e0, 0x000001291f223240, 0x000001291f241200,
0x000001291f245860, 0x000001291f25b020, 0x000001291f39bb70, 0x000001291f3a4310
}

Java Threads: ( => current thread )
  0x000001290599edb0 JavaThread "main" [_thread_in_vm, id=11112, stack(0x00000005fcd00000,0x00000005fce00000)]
  0x000001291f09a550 JavaThread "Reference Handler" daemon [_thread_blocked, id=14672, stack(0x00000005fd400000,0x00000005fd500000)]
  0x000001291f09bb70 JavaThread "Finalizer" daemon [_thread_blocked, id=24860, stack(0x00000005fd500000,0x00000005fd600000)]
  0x000001291f220960 JavaThread "Signal Dispatcher" daemon [_thread_blocked, id=13496, stack(0x00000005fd600000,0x00000005fd700000)]
  0x000001291f221520 JavaThread "Attach Listener" daemon [_thread_blocked, id=22016, stack(0x00000005fd700000,0x00000005fd800000)]
  0x000001291f2220e0 JavaThread "Service Thread" daemon [_thread_blocked, id=24148, stack(0x00000005fd800000,0x00000005fd900000)]
  0x000001291f223240 JavaThread "Monitor Deflation Thread" daemon [_thread_blocked, id=18372, stack(0x00000005fd900000,0x00000005fda00000)]
=>0x000001291f241200 JavaThread "C2 CompilerThread0" daemon [_thread_in_native, id=26724, stack(0x00000005fda00000,0x00000005fdb00000)]
  0x000001291f245860 JavaThread "C1 CompilerThread0" daemon [_thread_in_native, id=3680, stack(0x00000005fdb00000,0x00000005fdc00000)]
  0x000001291f25b020 JavaThread "Sweeper thread" daemon [_thread_blocked, id=15288, stack(0x00000005fdc00000,0x00000005fdd00000)]
  0x000001291f39bb70 JavaThread "Notification Thread" daemon [_thread_blocked, id=16160, stack(0x00000005fdd00000,0x00000005fde00000)]
  0x000001291f3a4310 JavaThread "Common-Cleaner" daemon [_thread_blocked, id=16932, stack(0x00000005fdf00000,0x00000005fe000000)]

Other Threads:
  0x000001291f0b4960 VMThread "VM Thread" [stack: 0x00000005fd300000,0x00000005fd400000] [id=21576]
  0x000001291f39c050 WatcherThread [stack: 0x00000005fde00000,0x00000005fdf00000] [id=5088]
  0x00000129059f8fa0 GCTaskThread "GC Thread#0" [stack: 0x00000005fce00000,0x00000005fcf00000] [id=2488]
  0x0000012905a0a190 ConcurrentGCThread "G1 Main Marker" [stack: 0x00000005fcf00000,0x00000005fd000000] [id=24716]
  0x0000012905a0abb0 ConcurrentGCThread "G1 Conc#0" [stack: 0x00000005fd000000,0x00000005fd100000] [id=14832]
  0x000001291ef050e0 ConcurrentGCThread "G1 Refine#0" [stack: 0x00000005fd100000,0x00000005fd200000] [id=10784]
  0x000001291ef05a20 ConcurrentGCThread "G1 Service" [stack: 0x00000005fd200000,0x00000005fd300000] [id=1348]

Threads with active compile tasks:
C2 CompilerThread0      253   98       4       java.lang.String::hashCode (60 bytes)
C1 CompilerThread0      253  105       3       sun.security.util.KnownOIDs::register (349 bytes)

VM state: not at safepoint (normal execution)

VM Mutex/Monitor currently owned by a thread: None

Heap address: 0x0000000082800000, size: 2008 MB, Compressed Oops mode: 32-bit

CDS archive(s) not mapped
Compressed class space mapped at: 0x0000000100000000-0x0000000140000000, reserved size: 1073741824
Narrow klass base: 0x0000000000000000, Narrow klass shift: 3, Narrow klass range: 0x140000000

GC Precious Log:
 CPUs: 4 total, 4 available
 Memory: 8025M
 Large Page Support: Disabled
 NUMA Support: Disabled
 Compressed Oops: Enabled (32-bit)
 Heap Region Size: 1M
 Heap Min Capacity: 8M
 Heap Initial Capacity: 126M
 Heap Max Capacity: 2008M
 Pre-touch: Disabled
 Parallel Workers: 4
 Concurrent Workers: 1
 Concurrent Refinement Workers: 4
 Periodic GC: Disabled

Heap:
 garbage-first heap   total 129024K, used 1024K [0x0000000082800000, 0x0000000100000000)
  region size 1024K, 2 young (2048K), 0 survivors (0K)
 Metaspace       used 6165K, committed 6272K, reserved 1114112K
  class space    used 548K, committed 576K, reserved 1048576K

Heap Regions: E=young(eden), S=young(survivor), O=old, HS=humongous(starts), HC=humongous(continues), CS=collection set, F=free, OA=open archive, CA=closed archive, TAMS=top-at-mark-start (previous, next)
|   0|0x0000000082800000, 0x0000000082800000, 0x0000000082900000|  0%| F|  |TAMS 0x0000000082800000, 0x0000000082800000| Untracked 
|   1|0x0000000082900000, 0x0000000082900000, 0x0000000082a00000|  0%| F|  |TAMS 0x0000000082900000, 0x0000000082900000| Untracked 
|   2|0x0000000082a00000, 0x0000000082a00000, 0x0000000082b00000|  0%| F|  |TAMS 0x0000000082a00000, 0x0000000082a00000| Untracked 
|   3|0x0000000082b00000, 0x0000000082b00000, 0x0000000082c00000|  0%| F|  |TAMS 0x0000000082b00000, 0x0000000082b00000| Untracked 
|   4|0x0000000082c00000, 0x0000000082c00000, 0x0000000082d00000|  0%| F|  |TAMS 0x0000000082c00000, 0x0000000082c00000| Untracked 
|   5|0x0000000082d00000, 0x0000000082d00000, 0x0000000082e00000|  0%| F|  |TAMS 0x0000000082d00000, 0x0000000082d00000| Untracked 
|   6|0x0000000082e00000, 0x0000000082e00000, 0x0000000082f00000|  0%| F|  |TAMS 0x0000000082e00000, 0x0000000082e00000| Untracked 
|   7|0x0000000082f00000, 0x0000000082f00000, 0x0000000083000000|  0%| F|  |TAMS 0x0000000082f00000, 0x0000000082f00000| Untracked 
|   8|0x0000000083000000, 0x0000000083000000, 0x0000000083100000|  0%| F|  |TAMS 0x0000000083000000, 0x0000000083000000| Untracked 
|   9|0x0000000083100000, 0x0000000083100000, 0x0000000083200000|  0%| F|  |TAMS 0x0000000083100000, 0x0000000083100000| Untracked 
|  10|0x0000000083200000, 0x0000000083200000, 0x0000000083300000|  0%| F|  |TAMS 0x0000000083200000, 0x0000000083200000| Untracked 
|  11|0x0000000083300000, 0x0000000083300000, 0x0000000083400000|  0%| F|  |TAMS 0x0000000083300000, 0x0000000083300000| Untracked 
|  12|0x0000000083400000, 0x0000000083400000, 0x0000000083500000|  0%| F|  |TAMS 0x0000000083400000, 0x0000000083400000| Untracked 
|  13|0x0000000083500000, 0x0000000083500000, 0x0000000083600000|  0%| F|  |TAMS 0x0000000083500000, 0x0000000083500000| Untracked 
|  14|0x0000000083600000, 0x0000000083600000, 0x0000000083700000|  0%| F|  |TAMS 0x0000000083600000, 0x0000000083600000| Untracked 
|  15|0x0000000083700000, 0x0000000083700000, 0x0000000083800000|  0%| F|  |TAMS 0x0000000083700000, 0x0000000083700000| Untracked 
|  16|0x0000000083800000, 0x0000000083800000, 0x0000000083900000|  0%| F|  |TAMS 0x0000000083800000, 0x0000000083800000| Untracked 
|  17|0x0000000083900000, 0x0000000083900000, 0x0000000083a00000|  0%| F|  |TAMS 0x0000000083900000, 0x0000000083900000| Untracked 
|  18|0x0000000083a00000, 0x0000000083a00000, 0x0000000083b00000|  0%| F|  |TAMS 0x0000000083a00000, 0x0000000083a00000| Untracked 
|  19|0x0000000083b00000, 0x0000000083b00000, 0x0000000083c00000|  0%| F|  |TAMS 0x0000000083b00000, 0x0000000083b00000| Untracked 
|  20|0x0000000083c00000, 0x0000000083c00000, 0x0000000083d00000|  0%| F|  |TAMS 0x0000000083c00000, 0x0000000083c00000| Untracked 
|  21|0x0000000083d00000, 0x0000000083d00000, 0x0000000083e00000|  0%| F|  |TAMS 0x0000000083d00000, 0x0000000083d00000| Untracked 
|  22|0x0000000083e00000, 0x0000000083e00000, 0x0000000083f00000|  0%| F|  |TAMS 0x0000000083e00000, 0x0000000083e00000| Untracked 
|  23|0x0000000083f00000, 0x0000000083f00000, 0x0000000084000000|  0%| F|  |TAMS 0x0000000083f00000, 0x0000000083f00000| Untracked 
|  24|0x0000000084000000, 0x0000000084000000, 0x0000000084100000|  0%| F|  |TAMS 0x0000000084000000, 0x0000000084000000| Untracked 
|  25|0x0000000084100000, 0x0000000084100000, 0x0000000084200000|  0%| F|  |TAMS 0x0000000084100000, 0x0000000084100000| Untracked 
|  26|0x0000000084200000, 0x0000000084200000, 0x0000000084300000|  0%| F|  |TAMS 0x0000000084200000, 0x0000000084200000| Untracked 
|  27|0x0000000084300000, 0x0000000084300000, 0x0000000084400000|  0%| F|  |TAMS 0x0000000084300000, 0x0000000084300000| Untracked 
|  28|0x0000000084400000, 0x0000000084400000, 0x0000000084500000|  0%| F|  |TAMS 0x0000000084400000, 0x0000000084400000| Untracked 
|  29|0x0000000084500000, 0x0000000084500000, 0x0000000084600000|  0%| F|  |TAMS 0x0000000084500000, 0x0000000084500000| Untracked 
|  30|0x0000000084600000, 0x0000000084600000, 0x0000000084700000|  0%| F|  |TAMS 0x0000000084600000, 0x0000000084600000| Untracked 
|  31|0x0000000084700000, 0x0000000084700000, 0x0000000084800000|  0%| F|  |TAMS 0x0000000084700000, 0x0000000084700000| Untracked 
|  32|0x0000000084800000, 0x0000000084800000, 0x0000000084900000|  0%| F|  |TAMS 0x0000000084800000, 0x0000000084800000| Untracked 
|  33|0x0000000084900000, 0x0000000084900000, 0x0000000084a00000|  0%| F|  |TAMS 0x0000000084900000, 0x0000000084900000| Untracked 
|  34|0x0000000084a00000, 0x0000000084a00000, 0x0000000084b00000|  0%| F|  |TAMS 0x0000000084a00000, 0x0000000084a00000| Untracked 
|  35|0x0000000084b00000, 0x0000000084b00000, 0x0000000084c00000|  0%| F|  |TAMS 0x0000000084b00000, 0x0000000084b00000| Untracked 
|  36|0x0000000084c00000, 0x0000000084c00000, 0x0000000084d00000|  0%| F|  |TAMS 0x0000000084c00000, 0x0000000084c00000| Untracked 
|  37|0x0000000084d00000, 0x0000000084d00000, 0x0000000084e00000|  0%| F|  |TAMS 0x0000000084d00000, 0x0000000084d00000| Untracked 
|  38|0x0000000084e00000, 0x0000000084e00000, 0x0000000084f00000|  0%| F|  |TAMS 0x0000000084e00000, 0x0000000084e00000| Untracked 
|  39|0x0000000084f00000, 0x0000000084f00000, 0x0000000085000000|  0%| F|  |TAMS 0x0000000084f00000, 0x0000000084f00000| Untracked 
|  40|0x0000000085000000, 0x0000000085000000, 0x0000000085100000|  0%| F|  |TAMS 0x0000000085000000, 0x0000000085000000| Untracked 
|  41|0x0000000085100000, 0x0000000085100000, 0x0000000085200000|  0%| F|  |TAMS 0x0000000085100000, 0x0000000085100000| Untracked 
|  42|0x0000000085200000, 0x0000000085200000, 0x0000000085300000|  0%| F|  |TAMS 0x0000000085200000, 0x0000000085200000| Untracked 
|  43|0x0000000085300000, 0x0000000085300000, 0x0000000085400000|  0%| F|  |TAMS 0x0000000085300000, 0x0000000085300000| Untracked 
|  44|0x0000000085400000, 0x0000000085400000, 0x0000000085500000|  0%| F|  |TAMS 0x0000000085400000, 0x0000000085400000| Untracked 
|  45|0x0000000085500000, 0x0000000085500000, 0x0000000085600000|  0%| F|  |TAMS 0x0000000085500000, 0x0000000085500000| Untracked 
|  46|0x0000000085600000, 0x0000000085600000, 0x0000000085700000|  0%| F|  |TAMS 0x0000000085600000, 0x0000000085600000| Untracked 
|  47|0x0000000085700000, 0x0000000085700000, 0x0000000085800000|  0%| F|  |TAMS 0x0000000085700000, 0x0000000085700000| Untracked 
|  48|0x0000000085800000, 0x0000000085800000, 0x0000000085900000|  0%| F|  |TAMS 0x0000000085800000, 0x0000000085800000| Untracked 
|  49|0x0000000085900000, 0x0000000085900000, 0x0000000085a00000|  0%| F|  |TAMS 0x0000000085900000, 0x0000000085900000| Untracked 
|  50|0x0000000085a00000, 0x0000000085a00000, 0x0000000085b00000|  0%| F|  |TAMS 0x0000000085a00000, 0x0000000085a00000| Untracked 
|  51|0x0000000085b00000, 0x0000000085b00000, 0x0000000085c00000|  0%| F|  |TAMS 0x0000000085b00000, 0x0000000085b00000| Untracked 
|  52|0x0000000085c00000, 0x0000000085c00000, 0x0000000085d00000|  0%| F|  |TAMS 0x0000000085c00000, 0x0000000085c00000| Untracked 
|  53|0x0000000085d00000, 0x0000000085d00000, 0x0000000085e00000|  0%| F|  |TAMS 0x0000000085d00000, 0x0000000085d00000| Untracked 
|  54|0x0000000085e00000, 0x0000000085e00000, 0x0000000085f00000|  0%| F|  |TAMS 0x0000000085e00000, 0x0000000085e00000| Untracked 
|  55|0x0000000085f00000, 0x0000000085f00000, 0x0000000086000000|  0%| F|  |TAMS 0x0000000085f00000, 0x0000000085f00000| Untracked 
|  56|0x0000000086000000, 0x0000000086000000, 0x0000000086100000|  0%| F|  |TAMS 0x0000000086000000, 0x0000000086000000| Untracked 
|  57|0x0000000086100000, 0x0000000086100000, 0x0000000086200000|  0%| F|  |TAMS 0x0000000086100000, 0x0000000086100000| Untracked 
|  58|0x0000000086200000, 0x0000000086200000, 0x0000000086300000|  0%| F|  |TAMS 0x0000000086200000, 0x0000000086200000| Untracked 
|  59|0x0000000086300000, 0x0000000086300000, 0x0000000086400000|  0%| F|  |TAMS 0x0000000086300000, 0x0000000086300000| Untracked 
|  60|0x0000000086400000, 0x0000000086400000, 0x0000000086500000|  0%| F|  |TAMS 0x0000000086400000, 0x0000000086400000| Untracked 
|  61|0x0000000086500000, 0x0000000086500000, 0x0000000086600000|  0%| F|  |TAMS 0x0000000086500000, 0x0000000086500000| Untracked 
|  62|0x0000000086600000, 0x0000000086600000, 0x0000000086700000|  0%| F|  |TAMS 0x0000000086600000, 0x0000000086600000| Untracked 
|  63|0x0000000086700000, 0x0000000086700000, 0x0000000086800000|  0%| F|  |TAMS 0x0000000086700000, 0x0000000086700000| Untracked 
|  64|0x0000000086800000, 0x0000000086800000, 0x0000000086900000|  0%| F|  |TAMS 0x0000000086800000, 0x0000000086800000| Untracked 
|  65|0x0000000086900000, 0x0000000086900000, 0x0000000086a00000|  0%| F|  |TAMS 0x0000000086900000, 0x0000000086900000| Untracked 
|  66|0x0000000086a00000, 0x0000000086a00000, 0x0000000086b00000|  0%| F|  |TAMS 0x0000000086a00000, 0x0000000086a00000| Untracked 
|  67|0x0000000086b00000, 0x0000000086b00000, 0x0000000086c00000|  0%| F|  |TAMS 0x0000000086b00000, 0x0000000086b00000| Untracked 
|  68|0x0000000086c00000, 0x0000000086c00000, 0x0000000086d00000|  0%| F|  |TAMS 0x0000000086c00000, 0x0000000086c00000| Untracked 
|  69|0x0000000086d00000, 0x0000000086d00000, 0x0000000086e00000|  0%| F|  |TAMS 0x0000000086d00000, 0x0000000086d00000| Untracked 
|  70|0x0000000086e00000, 0x0000000086e00000, 0x0000000086f00000|  0%| F|  |TAMS 0x0000000086e00000, 0x0000000086e00000| Untracked 
|  71|0x0000000086f00000, 0x0000000086f00000, 0x0000000087000000|  0%| F|  |TAMS 0x0000000086f00000, 0x0000000086f00000| Untracked 
|  72|0x0000000087000000, 0x0000000087000000, 0x0000000087100000|  0%| F|  |TAMS 0x0000000087000000, 0x0000000087000000| Untracked 
|  73|0x0000000087100000, 0x0000000087100000, 0x0000000087200000|  0%| F|  |TAMS 0x0000000087100000, 0x0000000087100000| Untracked 
|  74|0x0000000087200000, 0x0000000087200000, 0x0000000087300000|  0%| F|  |TAMS 0x0000000087200000, 0x0000000087200000| Untracked 
|  75|0x0000000087300000, 0x0000000087300000, 0x0000000087400000|  0%| F|  |TAMS 0x0000000087300000, 0x0000000087300000| Untracked 
|  76|0x0000000087400000, 0x0000000087400000, 0x0000000087500000|  0%| F|  |TAMS 0x0000000087400000, 0x0000000087400000| Untracked 
|  77|0x0000000087500000, 0x0000000087500000, 0x0000000087600000|  0%| F|  |TAMS 0x0000000087500000, 0x0000000087500000| Untracked 
|  78|0x0000000087600000, 0x0000000087600000, 0x0000000087700000|  0%| F|  |TAMS 0x0000000087600000, 0x0000000087600000| Untracked 
|  79|0x0000000087700000, 0x0000000087700000, 0x0000000087800000|  0%| F|  |TAMS 0x0000000087700000, 0x0000000087700000| Untracked 
|  80|0x0000000087800000, 0x0000000087800000, 0x0000000087900000|  0%| F|  |TAMS 0x0000000087800000, 0x0000000087800000| Untracked 
|  81|0x0000000087900000, 0x0000000087900000, 0x0000000087a00000|  0%| F|  |TAMS 0x0000000087900000, 0x0000000087900000| Untracked 
|  82|0x0000000087a00000, 0x0000000087a00000, 0x0000000087b00000|  0%| F|  |TAMS 0x0000000087a00000, 0x0000000087a00000| Untracked 
|  83|0x0000000087b00000, 0x0000000087b00000, 0x0000000087c00000|  0%| F|  |TAMS 0x0000000087b00000, 0x0000000087b00000| Untracked 
|  84|0x0000000087c00000, 0x0000000087c00000, 0x0000000087d00000|  0%| F|  |TAMS 0x0000000087c00000, 0x0000000087c00000| Untracked 
|  85|0x0000000087d00000, 0x0000000087d00000, 0x0000000087e00000|  0%| F|  |TAMS 0x0000000087d00000, 0x0000000087d00000| Untracked 
|  86|0x0000000087e00000, 0x0000000087e00000, 0x0000000087f00000|  0%| F|  |TAMS 0x0000000087e00000, 0x0000000087e00000| Untracked 
|  87|0x0000000087f00000, 0x0000000087f00000, 0x0000000088000000|  0%| F|  |TAMS 0x0000000087f00000, 0x0000000087f00000| Untracked 
|  88|0x0000000088000000, 0x0000000088000000, 0x0000000088100000|  0%| F|  |TAMS 0x0000000088000000, 0x0000000088000000| Untracked 
|  89|0x0000000088100000, 0x0000000088100000, 0x0000000088200000|  0%| F|  |TAMS 0x0000000088100000, 0x0000000088100000| Untracked 
|  90|0x0000000088200000, 0x0000000088200000, 0x0000000088300000|  0%| F|  |TAMS 0x0000000088200000, 0x0000000088200000| Untracked 
|  91|0x0000000088300000, 0x0000000088300000, 0x0000000088400000|  0%| F|  |TAMS 0x0000000088300000, 0x0000000088300000| Untracked 
|  92|0x0000000088400000, 0x0000000088400000, 0x0000000088500000|  0%| F|  |TAMS 0x0000000088400000, 0x0000000088400000| Untracked 
|  93|0x0000000088500000, 0x0000000088500000, 0x0000000088600000|  0%| F|  |TAMS 0x0000000088500000, 0x0000000088500000| Untracked 
|  94|0x0000000088600000, 0x0000000088600000, 0x0000000088700000|  0%| F|  |TAMS 0x0000000088600000, 0x0000000088600000| Untracked 
|  95|0x0000000088700000, 0x0000000088700000, 0x0000000088800000|  0%| F|  |TAMS 0x0000000088700000, 0x0000000088700000| Untracked 
|  96|0x0000000088800000, 0x0000000088800000, 0x0000000088900000|  0%| F|  |TAMS 0x0000000088800000, 0x0000000088800000| Untracked 
|  97|0x0000000088900000, 0x0000000088900000, 0x0000000088a00000|  0%| F|  |TAMS 0x0000000088900000, 0x0000000088900000| Untracked 
|  98|0x0000000088a00000, 0x0000000088a00000, 0x0000000088b00000|  0%| F|  |TAMS 0x0000000088a00000, 0x0000000088a00000| Untracked 
|  99|0x0000000088b00000, 0x0000000088b00000, 0x0000000088c00000|  0%| F|  |TAMS 0x0000000088b00000, 0x0000000088b00000| Untracked 
| 100|0x0000000088c00000, 0x0000000088c00000, 0x0000000088d00000|  0%| F|  |TAMS 0x0000000088c00000, 0x0000000088c00000| Untracked 
| 101|0x0000000088d00000, 0x0000000088d00000, 0x0000000088e00000|  0%| F|  |TAMS 0x0000000088d00000, 0x0000000088d00000| Untracked 
| 102|0x0000000088e00000, 0x0000000088e00000, 0x0000000088f00000|  0%| F|  |TAMS 0x0000000088e00000, 0x0000000088e00000| Untracked 
| 103|0x0000000088f00000, 0x0000000088f00000, 0x0000000089000000|  0%| F|  |TAMS 0x0000000088f00000, 0x0000000088f00000| Untracked 
| 104|0x0000000089000000, 0x0000000089000000, 0x0000000089100000|  0%| F|  |TAMS 0x0000000089000000, 0x0000000089000000| Untracked 
| 105|0x0000000089100000, 0x0000000089100000, 0x0000000089200000|  0%| F|  |TAMS 0x0000000089100000, 0x0000000089100000| Untracked 
| 106|0x0000000089200000, 0x0000000089200000, 0x0000000089300000|  0%| F|  |TAMS 0x0000000089200000, 0x0000000089200000| Untracked 
| 107|0x0000000089300000, 0x0000000089300000, 0x0000000089400000|  0%| F|  |TAMS 0x0000000089300000, 0x0000000089300000| Untracked 
| 108|0x0000000089400000, 0x0000000089400000, 0x0000000089500000|  0%| F|  |TAMS 0x0000000089400000, 0x0000000089400000| Untracked 
| 109|0x0000000089500000, 0x0000000089500000, 0x0000000089600000|  0%| F|  |TAMS 0x0000000089500000, 0x0000000089500000| Untracked 
| 110|0x0000000089600000, 0x0000000089600000, 0x0000000089700000|  0%| F|  |TAMS 0x0000000089600000, 0x0000000089600000| Untracked 
| 111|0x0000000089700000, 0x0000000089700000, 0x0000000089800000|  0%| F|  |TAMS 0x0000000089700000, 0x0000000089700000| Untracked 
| 112|0x0000000089800000, 0x0000000089800000, 0x0000000089900000|  0%| F|  |TAMS 0x0000000089800000, 0x0000000089800000| Untracked 
| 113|0x0000000089900000, 0x0000000089900000, 0x0000000089a00000|  0%| F|  |TAMS 0x0000000089900000, 0x0000000089900000| Untracked 
| 114|0x0000000089a00000, 0x0000000089a00000, 0x0000000089b00000|  0%| F|  |TAMS 0x0000000089a00000, 0x0000000089a00000| Untracked 
| 115|0x0000000089b00000, 0x0000000089b00000, 0x0000000089c00000|  0%| F|  |TAMS 0x0000000089b00000, 0x0000000089b00000| Untracked 
| 116|0x0000000089c00000, 0x0000000089c00000, 0x0000000089d00000|  0%| F|  |TAMS 0x0000000089c00000, 0x0000000089c00000| Untracked 
| 117|0x0000000089d00000, 0x0000000089d00000, 0x0000000089e00000|  0%| F|  |TAMS 0x0000000089d00000, 0x0000000089d00000| Untracked 
| 118|0x0000000089e00000, 0x0000000089e00000, 0x0000000089f00000|  0%| F|  |TAMS 0x0000000089e00000, 0x0000000089e00000| Untracked 
| 119|0x0000000089f00000, 0x0000000089f00000, 0x000000008a000000|  0%| F|  |TAMS 0x0000000089f00000, 0x0000000089f00000| Untracked 
| 120|0x000000008a000000, 0x000000008a000000, 0x000000008a100000|  0%| F|  |TAMS 0x000000008a000000, 0x000000008a000000| Untracked 
| 121|0x000000008a100000, 0x000000008a100000, 0x000000008a200000|  0%| F|  |TAMS 0x000000008a100000, 0x000000008a100000| Untracked 
| 122|0x000000008a200000, 0x000000008a200000, 0x000000008a300000|  0%| F|  |TAMS 0x000000008a200000, 0x000000008a200000| Untracked 
| 123|0x000000008a300000, 0x000000008a300000, 0x000000008a400000|  0%| F|  |TAMS 0x000000008a300000, 0x000000008a300000| Untracked 
| 124|0x000000008a400000, 0x000000008a4c8320, 0x000000008a500000| 78%| E|  |TAMS 0x000000008a400000, 0x000000008a400000| Complete 
| 125|0x000000008a500000, 0x000000008a600000, 0x000000008a600000|100%| E|CS|TAMS 0x000000008a500000, 0x000000008a500000| Complete 

Card table byte_map: [0x0000012918500000,0x00000129188f0000] _byte_map_base: 0x00000129180ec000

Marking Bits (Prev, Next): (CMBitMap*) 0x00000129059f95c0, (CMBitMap*) 0x00000129059f9600
 Prev Bits: [0x0000012918ce0000, 0x000001291ac40000)
 Next Bits: [0x000001291ac40000, 0x000001291cba0000)

Polling page: 0x0000012903b10000

Metaspace:

Usage:
  Non-class:      5.60 MB used.
      Class:    553.55 KB used.
       Both:      6.14 MB used.

Virtual space:
  Non-class space:       64.00 MB reserved,       5.69 MB (  9%) committed,  1 nodes.
      Class space:        1.00 GB reserved,     576.00 KB ( <1%) committed,  1 nodes.
             Both:        1.06 GB reserved,       6.25 MB ( <1%) committed. 

Chunk freelists:
   Non-Class:  10.24 MB
       Class:  15.25 MB
        Both:  25.49 MB

MaxMetaspaceSize: unlimited
CompressedClassSpaceSize: 1.00 GB
Initial GC threshold: 21.00 MB
Current GC threshold: 21.00 MB
CDS: off
MetaspaceReclaimPolicy: balanced
 - commit_granule_bytes: 65536.
 - commit_granule_words: 8192.
 - virtual_space_node_default_size: 8388608.
 - enlarge_chunks_in_place: 1.
 - new_chunks_are_fully_committed: 0.
 - uncommit_free_chunks: 1.
 - use_allocation_guard: 0.
 - handle_deallocations: 1.


Internal statistics:

num_allocs_failed_limit: 0.
num_arena_births: 4.
num_arena_deaths: 0.
num_vsnodes_births: 2.
num_vsnodes_deaths: 0.
num_space_committed: 100.
num_space_uncommitted: 0.
num_chunks_returned_to_freelist: 0.
num_chunks_taken_from_freelist: 17.
num_chunk_merges: 0.
num_chunk_splits: 6.
num_chunks_enlarged: 1.
num_inconsistent_stats: 0.

CodeHeap 'non-profiled nmethods': size=120000Kb used=20Kb max_used=20Kb free=119979Kb
 bounds [0x0000012910be0000, 0x0000012910e50000, 0x0000012918110000]
CodeHeap 'profiled nmethods': size=120000Kb used=136Kb max_used=136Kb free=119863Kb
 bounds [0x0000012909110000, 0x0000012909380000, 0x0000012910640000]
CodeHeap 'non-nmethods': size=5760Kb used=1092Kb max_used=1092Kb free=4668Kb
 bounds [0x0000012910640000, 0x00000129108b0000, 0x0000012910be0000]
 total_blobs=469 nmethods=104 adapters=278
 compilation: enabled
              stopped_count=0, restarted_count=0
 full_count=0

Compilation events (20 events):
Event: 0.224 Thread 0x000001291f245860   91       3       java.lang.Enum::<init> (15 bytes)
Event: 0.224 Thread 0x000001291f245860 nmethod 91 0x000001290912f510 code [0x000001290912f6a0, 0x000001290912f858]
Event: 0.225 Thread 0x000001291f245860   92       3       java.lang.CharacterDataLatin1::toUpperCaseEx (71 bytes)
Event: 0.225 Thread 0x000001291f245860 nmethod 92 0x000001290912f910 code [0x000001290912fac0, 0x000001290912fd98]
Event: 0.225 Thread 0x000001291f245860   93       3       jdk.internal.misc.Unsafe::putReferenceRelease (9 bytes)
Event: 0.225 Thread 0x000001291f245860 nmethod 93 0x000001290912fe90 code [0x0000012909130020, 0x0000012909130178]
Event: 0.225 Thread 0x000001291f245860   95       3       java.util.concurrent.ConcurrentHashMap::setTabAt (20 bytes)
Event: 0.225 Thread 0x000001291f245860 nmethod 95 0x0000012909130210 code [0x00000129091303c0, 0x00000129091305c8]
Event: 0.225 Thread 0x000001291f245860   96       1       sun.util.locale.BaseLocale::getLanguage (5 bytes)
Event: 0.225 Thread 0x000001291f245860 nmethod 96 0x0000012910be3f90 code [0x0000012910be4120, 0x0000012910be41f8]
Event: 0.225 Thread 0x000001291f245860   97       3       java.util.concurrent.ConcurrentHashMap::put (8 bytes)
Event: 0.226 Thread 0x000001291f245860 nmethod 97 0x0000012909130690 code [0x0000012909130820, 0x0000012909130968]
Event: 0.226 Thread 0x000001291f241200   98       4       java.lang.String::hashCode (60 bytes)
Event: 0.226 Thread 0x000001291f245860   99       1       sun.security.util.KnownOIDs::registerNames (2 bytes)
Event: 0.226 Thread 0x000001291f245860 nmethod 99 0x0000012910be4290 code [0x0000012910be4420, 0x0000012910be44f8]
Event: 0.226 Thread 0x000001291f245860  100       3       java.lang.StringLatin1::toUpperCase (186 bytes)
Event: 0.227 Thread 0x000001291f245860 nmethod 100 0x0000012909130a10 code [0x0000012909130c80, 0x00000129091317b8]
Event: 0.228 Thread 0x000001291f245860  103       3       java.lang.String::toUpperCase (29 bytes)
Event: 0.228 Thread 0x000001291f245860 nmethod 103 0x0000012909131b90 code [0x0000012909131d60, 0x0000012909132018]
Event: 0.228 Thread 0x000001291f245860  105       3       sun.security.util.KnownOIDs::register (349 bytes)

GC Heap History (0 events):
No events

Dll operation events (1 events):
Event: 0.028 Loaded shared library C:\Program Files\JetBrains\IntelliJ IDEA 2023.3.3\jbr\bin\java.dll

Deoptimization events (0 events):
No events

Classes unloaded (0 events):
No events

Classes redefined (0 events):
No events

Internal exceptions (0 events):
No events

VM Operations (4 events):
Event: 0.204 Executing VM operation: HandshakeAllThreads
Event: 0.204 Executing VM operation: HandshakeAllThreads done
Event: 0.221 Executing VM operation: HandshakeAllThreads
Event: 0.221 Executing VM operation: HandshakeAllThreads done

Events (20 events):
Event: 0.223 loading class sun/security/util/KnownOIDs$1
Event: 0.223 loading class sun/security/util/KnownOIDs$1 done
Event: 0.223 loading class sun/security/util/KnownOIDs$2
Event: 0.223 loading class sun/security/util/KnownOIDs$2 done
Event: 0.223 loading class sun/security/util/KnownOIDs$3
Event: 0.223 loading class sun/security/util/KnownOIDs$3 done
Event: 0.224 loading class sun/security/util/KnownOIDs$4
Event: 0.224 loading class sun/security/util/KnownOIDs$4 done
Event: 0.224 loading class sun/security/util/KnownOIDs$5
Event: 0.224 loading class sun/security/util/KnownOIDs$5 done
Event: 0.224 loading class sun/security/util/KnownOIDs$6
Event: 0.224 loading class sun/security/util/KnownOIDs$6 done
Event: 0.224 loading class sun/security/util/KnownOIDs$7
Event: 0.224 loading class sun/security/util/KnownOIDs$7 done
Event: 0.224 loading class sun/security/util/KnownOIDs$8
Event: 0.224 loading class sun/security/util/KnownOIDs$8 done
Event: 0.224 loading class sun/security/util/KnownOIDs$9
Event: 0.224 loading class sun/security/util/KnownOIDs$9 done
Event: 0.224 loading class sun/security/util/KnownOIDs$10
Event: 0.224 loading class sun/security/util/KnownOIDs$10 done


Dynamic libraries:
0x00007ff72bde0000 - 0x00007ff72bdea000 	C:\Program Files\JetBrains\IntelliJ IDEA 2023.3.3\jbr\bin\java.exe
0x00007ff905770000 - 0x00007ff905986000 	C:\WINDOWS\SYSTEM32\ntdll.dll
0x00007ff904ab0000 - 0x00007ff904b74000 	C:\WINDOWS\System32\KERNEL32.DLL
0x00007ff902c80000 - 0x00007ff903027000 	C:\WINDOWS\System32\KERNELBASE.dll
0x00007ff902b30000 - 0x00007ff902c41000 	C:\WINDOWS\System32\ucrtbase.dll
0x00007ff89ed90000 - 0x00007ff89eda7000 	C:\Program Files\JetBrains\IntelliJ IDEA 2023.3.3\jbr\bin\jli.dll
0x00007ff8b7070000 - 0x00007ff8b708b000 	C:\Program Files\JetBrains\IntelliJ IDEA 2023.3.3\jbr\bin\VCRUNTIME140.dll
0x00007ff904c20000 - 0x00007ff904dce000 	C:\WINDOWS\System32\USER32.dll
0x00007ff902c50000 - 0x00007ff902c76000 	C:\WINDOWS\System32\win32u.dll
0x00007ff904ff0000 - 0x00007ff905019000 	C:\WINDOWS\System32\GDI32.dll
0x00007ff9032c0000 - 0x00007ff9033d9000 	C:\WINDOWS\System32\gdi32full.dll
0x00007ff903220000 - 0x00007ff9032ba000 	C:\WINDOWS\System32\msvcp_win.dll
0x00007ff8ed050000 - 0x00007ff8ed2e3000 	C:\WINDOWS\WinSxS\amd64_microsoft.windows.common-controls_6595b64144ccf1df_6.0.22621.3235_none_270f74e173860f98\COMCTL32.dll
0x00007ff905230000 - 0x00007ff9052d7000 	C:\WINDOWS\System32\msvcrt.dll
0x00007ff904b80000 - 0x00007ff904bb1000 	C:\WINDOWS\System32\IMM32.DLL
0x00007ff8f5450000 - 0x00007ff8f545c000 	C:\Program Files\JetBrains\IntelliJ IDEA 2023.3.3\jbr\bin\vcruntime140_1.dll
0x00007ff889a40000 - 0x00007ff889acd000 	C:\Program Files\JetBrains\IntelliJ IDEA 2023.3.3\jbr\bin\msvcp140.dll
0x00007ff894580000 - 0x00007ff895202000 	C:\Program Files\JetBrains\IntelliJ IDEA 2023.3.3\jbr\bin\server\jvm.dll
0x00007ff904dd0000 - 0x00007ff904e82000 	C:\WINDOWS\System32\ADVAPI32.dll
0x00007ff904580000 - 0x00007ff904628000 	C:\WINDOWS\System32\sechost.dll
0x00007ff902b00000 - 0x00007ff902b28000 	C:\WINDOWS\System32\bcrypt.dll
0x00007ff9054f0000 - 0x00007ff905605000 	C:\WINDOWS\System32\RPCRT4.dll
0x00007ff8fa580000 - 0x00007ff8fa5b4000 	C:\WINDOWS\SYSTEM32\WINMM.dll
0x00007ff8f3290000 - 0x00007ff8f329a000 	C:\WINDOWS\SYSTEM32\VERSION.dll
0x00007ff902960000 - 0x00007ff9029ad000 	C:\WINDOWS\SYSTEM32\POWRPROF.dll
0x00007ff8de4a0000 - 0x00007ff8de4a9000 	C:\WINDOWS\SYSTEM32\WSOCK32.dll
0x00007ff905030000 - 0x00007ff9050a1000 	C:\WINDOWS\System32\ws2_32.DLL
0x00007ff902790000 - 0x00007ff9027a3000 	C:\WINDOWS\SYSTEM32\UMPDC.dll
0x00007ff901a90000 - 0x00007ff901aa8000 	C:\WINDOWS\SYSTEM32\kernel.appcore.dll
0x00007ff8faea0000 - 0x00007ff8faeaa000 	C:\Program Files\JetBrains\IntelliJ IDEA 2023.3.3\jbr\bin\jimage.dll
0x00007ff8ee1b0000 - 0x00007ff8ee3e3000 	C:\WINDOWS\SYSTEM32\DBGHELP.DLL
0x00007ff9041f0000 - 0x00007ff904578000 	C:\WINDOWS\System32\combase.dll
0x00007ff904ea0000 - 0x00007ff904f77000 	C:\WINDOWS\System32\OLEAUT32.dll
0x00007ff8d53b0000 - 0x00007ff8d53e2000 	C:\WINDOWS\SYSTEM32\dbgcore.DLL
0x00007ff903030000 - 0x00007ff9030a9000 	C:\WINDOWS\System32\bcryptPrimitives.dll
0x00007ff8ebc10000 - 0x00007ff8ebc35000 	C:\Program Files\JetBrains\IntelliJ IDEA 2023.3.3\jbr\bin\java.dll
0x00007ff8e94c0000 - 0x00007ff8e94d8000 	C:\Program Files\JetBrains\IntelliJ IDEA 2023.3.3\jbr\bin\zip.dll
0x00007ff903620000 - 0x00007ff903e7c000 	C:\WINDOWS\System32\SHELL32.dll
0x00007ff9009a0000 - 0x00007ff901299000 	C:\WINDOWS\SYSTEM32\windows.storage.dll
0x00007ff900860000 - 0x00007ff90099e000 	C:\WINDOWS\SYSTEM32\wintypes.dll
0x00007ff905630000 - 0x00007ff905723000 	C:\WINDOWS\System32\SHCORE.dll
0x00007ff904bc0000 - 0x00007ff904c1e000 	C:\WINDOWS\System32\shlwapi.dll
0x00007ff9029c0000 - 0x00007ff9029e1000 	C:\WINDOWS\SYSTEM32\profapi.dll
0x00007ff8e1d70000 - 0x00007ff8e1d89000 	C:\Program Files\JetBrains\IntelliJ IDEA 2023.3.3\jbr\bin\net.dll
0x00007ff8fbe50000 - 0x00007ff8fbf86000 	C:\WINDOWS\SYSTEM32\WINHTTP.dll
0x00007ff901f00000 - 0x00007ff901f69000 	C:\WINDOWS\system32\mswsock.dll
0x00007ff89f960000 - 0x00007ff89f976000 	C:\Program Files\JetBrains\IntelliJ IDEA 2023.3.3\jbr\bin\nio.dll

dbghelp: loaded successfully - version: 4.0.5 - missing functions: none
symbol engine: initialized successfully - sym options: 0x614 - pdb path: .;C:\Program Files\JetBrains\IntelliJ IDEA 2023.3.3\jbr\bin;C:\WINDOWS\SYSTEM32;C:\WINDOWS\WinSxS\amd64_microsoft.windows.common-controls_6595b64144ccf1df_6.0.22621.3235_none_270f74e173860f98;C:\Program Files\JetBrains\IntelliJ IDEA 2023.3.3\jbr\bin\server

VM Arguments:
java_command: git4idea.http.GitAskPassApp Username for 'https://github.com': 
java_class_path (initial): C:/Program Files/JetBrains/IntelliJ IDEA 2023.3.3/plugins/vcs-git/lib/git4idea-rt.jar;C:/Program Files/JetBrains/IntelliJ IDEA 2023.3.3/lib/externalProcess-rt.jar
Launcher Type: SUN_STANDARD

[Global flags]
     intx CICompilerCount                          = 3                                         {product} {ergonomic}
     uint ConcGCThreads                            = 1                                         {product} {ergonomic}
     uint G1ConcRefinementThreads                  = 4                                         {product} {ergonomic}
   size_t G1HeapRegionSize                         = 1048576                                   {product} {ergonomic}
    uintx GCDrainStackTargetSize                   = 64                                        {product} {ergonomic}
   size_t InitialHeapSize                          = 132120576                                 {product} {ergonomic}
   size_t MarkStackSize                            = 4194304                                   {product} {ergonomic}
   size_t MaxHeapSize                              = 2105540608                                {product} {ergonomic}
   size_t MaxNewSize                               = 1262485504                                {product} {ergonomic}
   size_t MinHeapDeltaBytes                        = 1048576                                   {product} {ergonomic}
   size_t MinHeapSize                              = 8388608                                   {product} {ergonomic}
    uintx NonNMethodCodeHeapSize                   = 5832780                                {pd product} {ergonomic}
    uintx NonProfiledCodeHeapSize                  = 122912730                              {pd product} {ergonomic}
    uintx ProfiledCodeHeapSize                     = 122912730                              {pd product} {ergonomic}
    uintx ReservedCodeCacheSize                    = 251658240                              {pd product} {ergonomic}
     bool SegmentedCodeCache                       = true                                      {product} {ergonomic}
   size_t SoftMaxHeapSize                          = 2105540608                             {manageable} {ergonomic}
     bool UseCompressedClassPointers               = true                           {product lp64_product} {ergonomic}
     bool UseCompressedOops                        = true                           {product lp64_product} {ergonomic}
     bool UseG1GC                                  = true                                      {product} {ergonomic}
     bool UseLargePagesIndividualAllocation        = false                                  {pd product} {ergonomic}

Logging:
Log output configuration:
 #0: stdout all=warning uptime,level,tags
 #1: stderr all=off uptime,level,tags

Environment Variables:
PATH=C:\Program Files\Git\mingw64\libexec\git-core;C:\Program Files\Git\mingw64\libexec\git-core;C:\Program Files\Git\mingw64\bin;C:\Program Files\Git\usr\bin;C:\Users\arapb\bin;C:\Windows\System32\HWAudioDriverLibs;C:\Windows\system32;C:\Windows;C:\Windows\System32\Wbem;C:\Windows\System32\WindowsPowerShell\v1.0;C:\Windows\System32\OpenSSH;C:\Windows\system32\config\systemprofile\AppData\Local\Microsoft\WindowsApps;C:\WINDOWS\system32;C:\WINDOWS;C:\WINDOWS\System32\Wbem;C:\WINDOWS\System32\WindowsPowerShell\v1.0;C:\WINDOWS\System32\OpenSSH;C:\Program Files (x86)\dotnet;C:\xampp\php;C:\Program Files\dotnet;C:\Program Files (x86)\IVI Foundation\VISA\WinNT\Bin;C:\Program Files\IVI Foundation\VISA\Win64\Bin;C:\Program Files (x86)\IVI Foundation\IVI\Bin;C:\Program Files\IVI Foundation\IVI\Bin;C:\Program Files (x86)\IVI Foundation\VISA\WinNT\Bin;C:\Program Files\nodejs;C:\Program Files\Docker\Docker\resources\bin;C:\Program Files\Git\cmd;C:\Program Files\PowerShell\7;C:\Program Files\Microsoft SQL Server\150\Tools\Binn;C:\Program Files\Microsoft SQL Server\Client SDK\ODBC\170\Tools\Binn;C:\Users\arapb\AppData\Local\Microsoft\WindowsApps;C:\Program Files\JetBrains\IntelliJ IDEA Community Edition 2022.3.1\bin;C:\Program Files\JetBrains\PhpStorm 2023.2.3\bin;C:\Program Files\JetBrains\IntelliJ IDEA 2023.3.3\bin;C:\Users\arapb\AppData\Local\Programs\Microsoft VS Code\bin;C:\Users\arapb\AppData\Roaming\npm;C:\Users\arapb\AppData\Local\GitHubDesktop\bin;C:\Users\arapb\.dotnet\tools
USERNAME=Tuyechiev
DISPLAY=:0.0
LC_ALL=en_US.UTF-8
TERM=xterm-256color
TMPDIR=C:\Users\arapb\AppData\Local\Temp
OS=Windows_NT
PROCESSOR_IDENTIFIER=Intel64 Family 6 Model 142 Stepping 12, GenuineIntel
TMP=C:\Users\arapb\AppData\Local\Temp
TEMP=C:\Users\arapb\AppData\Local\Temp



Periodic native trim disabled

JNI global refs:
JNI global refs: 8, weak refs: 0

JNI global refs memory usage: 843, weak refs: 209

OOME stack traces (most recent first):
Classloader memory used:
Loader bootstrap                                                                       : 802K
Loader jdk.internal.loader.ClassLoaders$AppClassLoader                                 : 1808B


---------------  S Y S T E M  ---------------

OS:
 Windows 11 , 64 bit Build 22621 (10.0.22621.3374)
OS uptime: 6 days 21:45 hours
Hyper-V role detected

CPU: total 4 (initial active 4) (2 cores per cpu, 2 threads per core) family 6 model 142 stepping 12 microcode 0xde, cx8, cmov, fxsr, ht, mmx, 3dnowpref, sse, sse2, sse3, ssse3, sse4.1, sse4.2, popcnt, lzcnt, tsc, tscinvbit, avx, avx2, aes, erms, clmul, bmi1, bmi2, adx, fma, vzeroupper, clflush, clflushopt, hv
Processor Information for all 4 processors :
  Max Mhz: 2592, Current Mhz: 2592, Mhz Limit: 2073

Memory: 4k page, system-wide physical 8025M (414M free)
TotalPageFile size 21191M (AvailPageFile size 1M)
current process WorkingSet (physical memory assigned to process): 36M, peak: 36M
current process commit charge ("private bytes"): 196M, peak: 197M

vm_info: OpenJDK 64-Bit Server VM (17.0.9+7-b1087.11) for windows-amd64 JRE (17.0.9+7-b1087.11), built on 2024-01-05 by "builduser" with MS VC++ 16.10 / 16.11 (VS2019)

END.
