#
# There is insufficient memory for the Java Runtime Environment to continue.
# Native memory allocation (mmap) failed to map 65536 bytes for Failed to commit metaspace.
# Possible reasons:
#   The system is out of physical RAM or swap space
#   The process is running with CompressedOops enabled, and the Java Heap may be blocking the growth of the native heap
# Possible solutions:
#   Reduce memory load on the system
#   Increase physical memory or swap space
#   Check if swap backing store is full
#   Decrease Java heap size (-Xmx/-Xms)
#   Decrease number of Java threads
#   Decrease Java thread stack sizes (-Xss)
#   Set larger code cache with -XX:ReservedCodeCacheSize=
#   JVM is running with Unscaled Compressed Oops mode in which the Java heap is
#     placed in the first 4GB address space. The Java Heap base address is the
#     maximum limit for the native heap growth. Please use -XX:HeapBaseMinAddress
#     to set the Java Heap base and to place the Java Heap above 4GB virtual address.
# This output file may be truncated or incomplete.
#
#  Out of Memory Error (virtualSpaceNode.cpp:110), pid=24284, tid=21308
#
# JRE version: OpenJDK Runtime Environment JBR-17.0.9+7-1087.11-jcef (17.0.9+7) (build 17.0.9+7-b1087.11)
# Java VM: OpenJDK 64-Bit Server VM JBR-17.0.9+7-1087.11-jcef (17.0.9+7-b1087.11, mixed mode, tiered, compressed oops, compressed class ptrs, g1 gc, windows-amd64)
# No core dump will be written. Minidumps are not enabled by default on client versions of Windows
#

---------------  S U M M A R Y ------------

Command Line: git4idea.http.GitAskPassApp Username for 'https://github.com': 

Host: Intel(R) Core(TM) i3-10110U CPU @ 2.10GHz, 4 cores, 7G,  Windows 11 , 64 bit Build 22621 (10.0.22621.3374)
Time: Sat May  4 14:44:27 2024  Windows 11 , 64 bit Build 22621 (10.0.22621.3374) elapsed time: 0.728803 seconds (0d 0h 0m 0s)

---------------  T H R E A D  ---------------

Current thread (0x000001c88385e800):  JavaThread "main" [_thread_in_vm, id=21308, stack(0x0000005e50000000,0x0000005e50100000)]

Stack: [0x0000005e50000000,0x0000005e50100000]
Native frames: (J=compiled Java code, j=interpreted, Vv=VM code, C=native code)
V  [jvm.dll+0x688349]
V  [jvm.dll+0x841bfa]
V  [jvm.dll+0x84383e]
V  [jvm.dll+0x843ea3]
V  [jvm.dll+0x24bdef]
V  [jvm.dll+0x83cbdb]
V  [jvm.dll+0x62c746]
V  [jvm.dll+0x62c7aa]
V  [jvm.dll+0x62efda]
V  [jvm.dll+0x62d0e6]
V  [jvm.dll+0x23faaf]
V  [jvm.dll+0x636f95]
V  [jvm.dll+0x1ef0cb]
V  [jvm.dll+0x1ef605]
V  [jvm.dll+0x1effa5]
V  [jvm.dll+0x1e543c]
V  [jvm.dll+0x54de4c]
V  [jvm.dll+0x1f5feb]
V  [jvm.dll+0x7ba30b]
V  [jvm.dll+0x7bb77c]
V  [jvm.dll+0x7bbac8]
V  [jvm.dll+0x24384e]
V  [jvm.dll+0x243a9f]
V  [jvm.dll+0x56c128]
V  [jvm.dll+0x56f0a7]
V  [jvm.dll+0x38bfb2]
V  [jvm.dll+0x38b61f]
C  0x000001c88fe7a459

The last pc belongs to invokestatic (printed below).
Java frames: (J=compiled Java code, j=interpreted, Vv=VM code)
j  sun.security.ssl.JsseJce$EcAvailability.<clinit>()V+4 java.base@17.0.9
v  ~StubRoutines::call_stub
j  sun.security.ssl.JsseJce.isEcAvailable()Z+0 java.base@17.0.9
j  sun.security.ssl.CipherSuite$KeyExchange.isAvailable()Z+29 java.base@17.0.9
j  sun.security.ssl.CipherSuite.isAvailable()Z+23 java.base@17.0.9
j  sun.security.ssl.SSLContextImpl.getApplicableCipherSuites(Ljava/util/Collection;Ljava/util/List;)Ljava/util/List;+50 java.base@17.0.9
j  sun.security.ssl.SSLContextImpl.getApplicableSupportedCipherSuites(Ljava/util/List;)Ljava/util/List;+4 java.base@17.0.9
j  sun.security.ssl.SSLContextImpl$AbstractTLSContext.<clinit>()V+84 java.base@17.0.9
v  ~StubRoutines::call_stub
j  java.lang.Class.forName0(Ljava/lang/String;ZLjava/lang/ClassLoader;Ljava/lang/Class;)Ljava/lang/Class;+0 java.base@17.0.9
j  java.lang.Class.forName(Ljava/lang/String;)Ljava/lang/Class;+11 java.base@17.0.9
j  java.security.Provider$Service.getImplClass()Ljava/lang/Class;+64 java.base@17.0.9
j  java.security.Provider$Service.getDefaultConstructor()Ljava/lang/reflect/Constructor;+46 java.base@17.0.9
j  java.security.Provider$Service.newInstanceOf()Ljava/lang/Object;+1 java.base@17.0.9
j  java.security.Provider$Service.newInstanceUtil(Ljava/lang/Class;Ljava/lang/Object;)Ljava/lang/Object;+5 java.base@17.0.9
j  java.security.Provider$Service.newInstance(Ljava/lang/Object;)Ljava/lang/Object;+227 java.base@17.0.9
j  sun.security.jca.GetInstance.getInstance(Ljava/security/Provider$Service;Ljava/lang/Class;)Lsun/security/jca/GetInstance$Instance;+2 java.base@17.0.9
j  sun.security.jca.GetInstance.getInstance(Ljava/lang/String;Ljava/lang/Class;Ljava/lang/String;)Lsun/security/jca/GetInstance$Instance;+56 java.base@17.0.9
j  javax.net.ssl.SSLContext.getInstance(Ljava/lang/String;)Ljavax/net/ssl/SSLContext;+12 java.base@17.0.9
j  externalApp.ExternalAppUtil.sendIdeRequest(Ljava/lang/String;ILjava/lang/String;Ljava/lang/String;)LexternalApp/ExternalAppUtil$Result;+34
j  git4idea.http.GitAskPassApp.main([Ljava/lang/String;)V+37
v  ~StubRoutines::call_stub
invokestatic  184 invokestatic  [0x000001c88fe7a3a0, 0x000001c88fe7a660]  704 bytes
[MachCode]
  0x000001c88fe7a3a0: 4883 ec08 | c5fa 1104 | 24eb 1f48 | 83ec 10c5 | fb11 0424 | eb14 4883 | ec10 4889 | 0424 48c7 
  0x000001c88fe7a3c0: 4424 0800 | 0000 00eb | 0150 4c89 | 6dc0 410f | b755 0148 | 8b4d d0c1 | e202 8b5c | d120 c1eb 
  0x000001c88fe7a3e0: 1081 e3ff | 0000 0081 | fbb8 0000 | 000f 84b6 | 0000 00bb | b800 0000 | e805 0000 | 00e9 9b00 
  0x000001c88fe7a400: 0000 488b | d348 8d44 | 2408 4c89 | 6dc0 498b | cfc5 f877 | 4989 afa8 | 0200 0049 | 8987 9802 
  0x000001c88fe7a420: 0000 4883 | ec20 f7c4 | 0f00 0000 | 0f84 1a00 | 0000 4883 | ec08 49ba | b0b5 9094 | f87f 0000 
  0x000001c88fe7a440: 41ff d248 | 83c4 08e9 | 0d00 0000 | 49ba b0b5 | 9094 f87f | 0000 41ff | d248 83c4 | 2049 c787 
  0x000001c88fe7a460: 9802 0000 | 0000 0000 | 49c7 87a8 | 0200 0000 | 0000 0049 | c787 a002 | 0000 0000 | 0000 c5f8 
  0x000001c88fe7a480: 7749 817f | 0800 0000 | 000f 8405 | 0000 00e9 | 6c6a feff | 4c8b 6dc0 | 4c8b 75c8 | c341 0fb7 
  0x000001c88fe7a4a0: 5501 488b | 4dd0 c1e2 | 0248 8b5c | d128 488b | 5b08 488b | 5b08 488b | 5b18 80bb | 5b01 0000 
  0x000001c88fe7a4c0: 040f 840d | 0000 004c | 3bbb 6001 | 0000 0f85 | 1fff ffff | 488b 5cd1 | 288b 54d1 | 38c1 ea1c 
  0x000001c88fe7a4e0: 49ba 504e | 1395 f87f | 0000 498b | 14d2 5248 | 8b45 d848 | 85c0 0f84 | 1200 0000 | 4883 4008 
  0x000001c88fe7a500: 0148 8358 | 0800 4883 | c010 4889 | 45d8 488b | 45d8 4885 | c00f 8423 | 0100 0080 | 78f0 0a0f 
  0x000001c88fe7a520: 8519 0100 | 0048 83c0 | 084c 8b68 | f841 83ed | 0041 83fd | 020f 8cf8 | 0000 004c | 8b6b 0845 
  0x000001c88fe7a540: 0fb7 6d2c | 4c2b 2841 | 83ed 014e | 8b6c ec08 | 4d85 ed75 | 0748 8348 | 0801 eb4a | 458b 6d08 
  0x000001c88fe7a560: 49c1 e503 | 4c33 6808 | 49f7 c5fc | ffff ff74 | 3549 f7c5 | 0200 0000 | 752c 4881 | 7808 0000 
  0x000001c88fe7a580: 0000 741e | 4881 7808 | 0100 0000 | 7414 4c33 | 6808 49f7 | c5fc ffff | ff74 0b48 | 8348 0802 
  0x000001c88fe7a5a0: eb04 4c89 | 6808 4883 | c010 4c8b | 68e8 4183 | ed02 4183 | fd02 0f8c | 7700 0000 | 4c8b 6b08 
  0x000001c88fe7a5c0: 450f b76d | 2c4c 2b28 | 4183 ed01 | 4e8b 6cec | 084d 85ed | 7507 4883 | 4808 01eb | 4a45 8b6d 
  0x000001c88fe7a5e0: 0849 c1e5 | 034c 3368 | 0849 f7c5 | fcff ffff | 7435 49f7 | c502 0000 | 0075 2c48 | 8178 0800 
  0x000001c88fe7a600: 0000 0074 | 1e48 8178 | 0801 0000 | 0074 144c | 3368 0849 | f7c5 fcff | ffff 740b | 4883 4808 
  0x000001c88fe7a620: 02eb 044c | 8968 0848 | 83c0 104c | 8b68 d841 | 83ed 0441 | c1e5 0349 | 03c5 4889 | 45d8 4c8d 
  0x000001c88fe7a640: 6c24 084c | 896d f0ff | 6360 660f | 1f44 0000 | 0000 0000 | 0000 0000 | 0000 0000 | 0000 0000 
[/MachCode]

---------------  P R O C E S S  ---------------

Threads class SMR info:
_java_thread_list=0x000001c89f37ae30, length=12, elements={
0x000001c88385e800, 0x000001c89f07d130, 0x000001c89f07dfb0, 0x000001c89f1d2fb0,
0x000001c89f1d3b70, 0x000001c89f1d4530, 0x000001c89f1d4ef0, 0x000001c89f1d5be0,
0x000001c89f24e1d0, 0x000001c89f266390, 0x000001c89f378450, 0x000001c89f37cbe0
}

Java Threads: ( => current thread )
=>0x000001c88385e800 JavaThread "main" [_thread_in_vm, id=21308, stack(0x0000005e50000000,0x0000005e50100000)]
  0x000001c89f07d130 JavaThread "Reference Handler" daemon [_thread_blocked, id=22576, stack(0x0000005e50700000,0x0000005e50800000)]
  0x000001c89f07dfb0 JavaThread "Finalizer" daemon [_thread_blocked, id=25232, stack(0x0000005e50800000,0x0000005e50900000)]
  0x000001c89f1d2fb0 JavaThread "Signal Dispatcher" daemon [_thread_blocked, id=21800, stack(0x0000005e50900000,0x0000005e50a00000)]
  0x000001c89f1d3b70 JavaThread "Attach Listener" daemon [_thread_blocked, id=27164, stack(0x0000005e50a00000,0x0000005e50b00000)]
  0x000001c89f1d4530 JavaThread "Service Thread" daemon [_thread_blocked, id=5248, stack(0x0000005e50b00000,0x0000005e50c00000)]
  0x000001c89f1d4ef0 JavaThread "Monitor Deflation Thread" daemon [_thread_blocked, id=26368, stack(0x0000005e50c00000,0x0000005e50d00000)]
  0x000001c89f1d5be0 JavaThread "C2 CompilerThread0" daemon [_thread_blocked, id=16120, stack(0x0000005e50d00000,0x0000005e50e00000)]
  0x000001c89f24e1d0 JavaThread "C1 CompilerThread0" daemon [_thread_blocked, id=22684, stack(0x0000005e50e00000,0x0000005e50f00000)]
  0x000001c89f266390 JavaThread "Sweeper thread" daemon [_thread_blocked, id=19200, stack(0x0000005e50f00000,0x0000005e51000000)]
  0x000001c89f378450 JavaThread "Notification Thread" daemon [_thread_blocked, id=8480, stack(0x0000005e51000000,0x0000005e51100000)]
  0x000001c89f37cbe0 JavaThread "Common-Cleaner" daemon [_thread_blocked, id=18552, stack(0x0000005e51200000,0x0000005e51300000)]

Other Threads:
  0x000001c89f03e610 VMThread "VM Thread" [stack: 0x0000005e50600000,0x0000005e50700000] [id=20192]
  0x000001c89f378930 WatcherThread [stack: 0x0000005e51100000,0x0000005e51200000] [id=20364]
  0x000001c883a174e0 GCTaskThread "GC Thread#0" [stack: 0x0000005e50100000,0x0000005e50200000] [id=26612]
  0x000001c883a27f30 ConcurrentGCThread "G1 Main Marker" [stack: 0x0000005e50200000,0x0000005e50300000] [id=4604]
  0x000001c883a28950 ConcurrentGCThread "G1 Conc#0" [stack: 0x0000005e50300000,0x0000005e50400000] [id=12360]
  0x000001c89eec20c0 ConcurrentGCThread "G1 Refine#0" [stack: 0x0000005e50400000,0x0000005e50500000] [id=22284]
  0x000001c89eec2900 ConcurrentGCThread "G1 Service" [stack: 0x0000005e50500000,0x0000005e50600000] [id=15644]

Threads with active compile tasks:

VM state: not at safepoint (normal execution)

VM Mutex/Monitor currently owned by a thread:  ([mutex/lock_event])
[0x000001c8838595a0] Metaspace_lock - owner thread: 0x000001c88385e800

Heap address: 0x0000000082800000, size: 2008 MB, Compressed Oops mode: 32-bit

CDS archive(s) not mapped
Compressed class space mapped at: 0x0000000100000000-0x0000000140000000, reserved size: 1073741824
Narrow klass base: 0x0000000000000000, Narrow klass shift: 3, Narrow klass range: 0x140000000

GC Precious Log:
 CPUs: 4 total, 4 available
 Memory: 8025M
 Large Page Support: Disabled
 NUMA Support: Disabled
 Compressed Oops: Enabled (32-bit)
 Heap Region Size: 1M
 Heap Min Capacity: 8M
 Heap Initial Capacity: 126M
 Heap Max Capacity: 2008M
 Pre-touch: Disabled
 Parallel Workers: 4
 Concurrent Workers: 1
 Concurrent Refinement Workers: 4
 Periodic GC: Disabled

Heap:
 garbage-first heap   total 129024K, used 3072K [0x0000000082800000, 0x0000000100000000)
  region size 1024K, 4 young (4096K), 0 survivors (0K)
 Metaspace       used 9164K, committed 9216K, reserved 1114112K
  class space    used 851K, committed 896K, reserved 1048576K

Heap Regions: E=young(eden), S=young(survivor), O=old, HS=humongous(starts), HC=humongous(continues), CS=collection set, F=free, OA=open archive, CA=closed archive, TAMS=top-at-mark-start (previous, next)
|   0|0x0000000082800000, 0x0000000082800000, 0x0000000082900000|  0%| F|  |TAMS 0x0000000082800000, 0x0000000082800000| Untracked 
|   1|0x0000000082900000, 0x0000000082900000, 0x0000000082a00000|  0%| F|  |TAMS 0x0000000082900000, 0x0000000082900000| Untracked 
|   2|0x0000000082a00000, 0x0000000082a00000, 0x0000000082b00000|  0%| F|  |TAMS 0x0000000082a00000, 0x0000000082a00000| Untracked 
|   3|0x0000000082b00000, 0x0000000082b00000, 0x0000000082c00000|  0%| F|  |TAMS 0x0000000082b00000, 0x0000000082b00000| Untracked 
|   4|0x0000000082c00000, 0x0000000082c00000, 0x0000000082d00000|  0%| F|  |TAMS 0x0000000082c00000, 0x0000000082c00000| Untracked 
|   5|0x0000000082d00000, 0x0000000082d00000, 0x0000000082e00000|  0%| F|  |TAMS 0x0000000082d00000, 0x0000000082d00000| Untracked 
|   6|0x0000000082e00000, 0x0000000082e00000, 0x0000000082f00000|  0%| F|  |TAMS 0x0000000082e00000, 0x0000000082e00000| Untracked 
|   7|0x0000000082f00000, 0x0000000082f00000, 0x0000000083000000|  0%| F|  |TAMS 0x0000000082f00000, 0x0000000082f00000| Untracked 
|   8|0x0000000083000000, 0x0000000083000000, 0x0000000083100000|  0%| F|  |TAMS 0x0000000083000000, 0x0000000083000000| Untracked 
|   9|0x0000000083100000, 0x0000000083100000, 0x0000000083200000|  0%| F|  |TAMS 0x0000000083100000, 0x0000000083100000| Untracked 
|  10|0x0000000083200000, 0x0000000083200000, 0x0000000083300000|  0%| F|  |TAMS 0x0000000083200000, 0x0000000083200000| Untracked 
|  11|0x0000000083300000, 0x0000000083300000, 0x0000000083400000|  0%| F|  |TAMS 0x0000000083300000, 0x0000000083300000| Untracked 
|  12|0x0000000083400000, 0x0000000083400000, 0x0000000083500000|  0%| F|  |TAMS 0x0000000083400000, 0x0000000083400000| Untracked 
|  13|0x0000000083500000, 0x0000000083500000, 0x0000000083600000|  0%| F|  |TAMS 0x0000000083500000, 0x0000000083500000| Untracked 
|  14|0x0000000083600000, 0x0000000083600000, 0x0000000083700000|  0%| F|  |TAMS 0x0000000083600000, 0x0000000083600000| Untracked 
|  15|0x0000000083700000, 0x0000000083700000, 0x0000000083800000|  0%| F|  |TAMS 0x0000000083700000, 0x0000000083700000| Untracked 
|  16|0x0000000083800000, 0x0000000083800000, 0x0000000083900000|  0%| F|  |TAMS 0x0000000083800000, 0x0000000083800000| Untracked 
|  17|0x0000000083900000, 0x0000000083900000, 0x0000000083a00000|  0%| F|  |TAMS 0x0000000083900000, 0x0000000083900000| Untracked 
|  18|0x0000000083a00000, 0x0000000083a00000, 0x0000000083b00000|  0%| F|  |TAMS 0x0000000083a00000, 0x0000000083a00000| Untracked 
|  19|0x0000000083b00000, 0x0000000083b00000, 0x0000000083c00000|  0%| F|  |TAMS 0x0000000083b00000, 0x0000000083b00000| Untracked 
|  20|0x0000000083c00000, 0x0000000083c00000, 0x0000000083d00000|  0%| F|  |TAMS 0x0000000083c00000, 0x0000000083c00000| Untracked 
|  21|0x0000000083d00000, 0x0000000083d00000, 0x0000000083e00000|  0%| F|  |TAMS 0x0000000083d00000, 0x0000000083d00000| Untracked 
|  22|0x0000000083e00000, 0x0000000083e00000, 0x0000000083f00000|  0%| F|  |TAMS 0x0000000083e00000, 0x0000000083e00000| Untracked 
|  23|0x0000000083f00000, 0x0000000083f00000, 0x0000000084000000|  0%| F|  |TAMS 0x0000000083f00000, 0x0000000083f00000| Untracked 
|  24|0x0000000084000000, 0x0000000084000000, 0x0000000084100000|  0%| F|  |TAMS 0x0000000084000000, 0x0000000084000000| Untracked 
|  25|0x0000000084100000, 0x0000000084100000, 0x0000000084200000|  0%| F|  |TAMS 0x0000000084100000, 0x0000000084100000| Untracked 
|  26|0x0000000084200000, 0x0000000084200000, 0x0000000084300000|  0%| F|  |TAMS 0x0000000084200000, 0x0000000084200000| Untracked 
|  27|0x0000000084300000, 0x0000000084300000, 0x0000000084400000|  0%| F|  |TAMS 0x0000000084300000, 0x0000000084300000| Untracked 
|  28|0x0000000084400000, 0x0000000084400000, 0x0000000084500000|  0%| F|  |TAMS 0x0000000084400000, 0x0000000084400000| Untracked 
|  29|0x0000000084500000, 0x0000000084500000, 0x0000000084600000|  0%| F|  |TAMS 0x0000000084500000, 0x0000000084500000| Untracked 
|  30|0x0000000084600000, 0x0000000084600000, 0x0000000084700000|  0%| F|  |TAMS 0x0000000084600000, 0x0000000084600000| Untracked 
|  31|0x0000000084700000, 0x0000000084700000, 0x0000000084800000|  0%| F|  |TAMS 0x0000000084700000, 0x0000000084700000| Untracked 
|  32|0x0000000084800000, 0x0000000084800000, 0x0000000084900000|  0%| F|  |TAMS 0x0000000084800000, 0x0000000084800000| Untracked 
|  33|0x0000000084900000, 0x0000000084900000, 0x0000000084a00000|  0%| F|  |TAMS 0x0000000084900000, 0x0000000084900000| Untracked 
|  34|0x0000000084a00000, 0x0000000084a00000, 0x0000000084b00000|  0%| F|  |TAMS 0x0000000084a00000, 0x0000000084a00000| Untracked 
|  35|0x0000000084b00000, 0x0000000084b00000, 0x0000000084c00000|  0%| F|  |TAMS 0x0000000084b00000, 0x0000000084b00000| Untracked 
|  36|0x0000000084c00000, 0x0000000084c00000, 0x0000000084d00000|  0%| F|  |TAMS 0x0000000084c00000, 0x0000000084c00000| Untracked 
|  37|0x0000000084d00000, 0x0000000084d00000, 0x0000000084e00000|  0%| F|  |TAMS 0x0000000084d00000, 0x0000000084d00000| Untracked 
|  38|0x0000000084e00000, 0x0000000084e00000, 0x0000000084f00000|  0%| F|  |TAMS 0x0000000084e00000, 0x0000000084e00000| Untracked 
|  39|0x0000000084f00000, 0x0000000084f00000, 0x0000000085000000|  0%| F|  |TAMS 0x0000000084f00000, 0x0000000084f00000| Untracked 
|  40|0x0000000085000000, 0x0000000085000000, 0x0000000085100000|  0%| F|  |TAMS 0x0000000085000000, 0x0000000085000000| Untracked 
|  41|0x0000000085100000, 0x0000000085100000, 0x0000000085200000|  0%| F|  |TAMS 0x0000000085100000, 0x0000000085100000| Untracked 
|  42|0x0000000085200000, 0x0000000085200000, 0x0000000085300000|  0%| F|  |TAMS 0x0000000085200000, 0x0000000085200000| Untracked 
|  43|0x0000000085300000, 0x0000000085300000, 0x0000000085400000|  0%| F|  |TAMS 0x0000000085300000, 0x0000000085300000| Untracked 
|  44|0x0000000085400000, 0x0000000085400000, 0x0000000085500000|  0%| F|  |TAMS 0x0000000085400000, 0x0000000085400000| Untracked 
|  45|0x0000000085500000, 0x0000000085500000, 0x0000000085600000|  0%| F|  |TAMS 0x0000000085500000, 0x0000000085500000| Untracked 
|  46|0x0000000085600000, 0x0000000085600000, 0x0000000085700000|  0%| F|  |TAMS 0x0000000085600000, 0x0000000085600000| Untracked 
|  47|0x0000000085700000, 0x0000000085700000, 0x0000000085800000|  0%| F|  |TAMS 0x0000000085700000, 0x0000000085700000| Untracked 
|  48|0x0000000085800000, 0x0000000085800000, 0x0000000085900000|  0%| F|  |TAMS 0x0000000085800000, 0x0000000085800000| Untracked 
|  49|0x0000000085900000, 0x0000000085900000, 0x0000000085a00000|  0%| F|  |TAMS 0x0000000085900000, 0x0000000085900000| Untracked 
|  50|0x0000000085a00000, 0x0000000085a00000, 0x0000000085b00000|  0%| F|  |TAMS 0x0000000085a00000, 0x0000000085a00000| Untracked 
|  51|0x0000000085b00000, 0x0000000085b00000, 0x0000000085c00000|  0%| F|  |TAMS 0x0000000085b00000, 0x0000000085b00000| Untracked 
|  52|0x0000000085c00000, 0x0000000085c00000, 0x0000000085d00000|  0%| F|  |TAMS 0x0000000085c00000, 0x0000000085c00000| Untracked 
|  53|0x0000000085d00000, 0x0000000085d00000, 0x0000000085e00000|  0%| F|  |TAMS 0x0000000085d00000, 0x0000000085d00000| Untracked 
|  54|0x0000000085e00000, 0x0000000085e00000, 0x0000000085f00000|  0%| F|  |TAMS 0x0000000085e00000, 0x0000000085e00000| Untracked 
|  55|0x0000000085f00000, 0x0000000085f00000, 0x0000000086000000|  0%| F|  |TAMS 0x0000000085f00000, 0x0000000085f00000| Untracked 
|  56|0x0000000086000000, 0x0000000086000000, 0x0000000086100000|  0%| F|  |TAMS 0x0000000086000000, 0x0000000086000000| Untracked 
|  57|0x0000000086100000, 0x0000000086100000, 0x0000000086200000|  0%| F|  |TAMS 0x0000000086100000, 0x0000000086100000| Untracked 
|  58|0x0000000086200000, 0x0000000086200000, 0x0000000086300000|  0%| F|  |TAMS 0x0000000086200000, 0x0000000086200000| Untracked 
|  59|0x0000000086300000, 0x0000000086300000, 0x0000000086400000|  0%| F|  |TAMS 0x0000000086300000, 0x0000000086300000| Untracked 
|  60|0x0000000086400000, 0x0000000086400000, 0x0000000086500000|  0%| F|  |TAMS 0x0000000086400000, 0x0000000086400000| Untracked 
|  61|0x0000000086500000, 0x0000000086500000, 0x0000000086600000|  0%| F|  |TAMS 0x0000000086500000, 0x0000000086500000| Untracked 
|  62|0x0000000086600000, 0x0000000086600000, 0x0000000086700000|  0%| F|  |TAMS 0x0000000086600000, 0x0000000086600000| Untracked 
|  63|0x0000000086700000, 0x0000000086700000, 0x0000000086800000|  0%| F|  |TAMS 0x0000000086700000, 0x0000000086700000| Untracked 
|  64|0x0000000086800000, 0x0000000086800000, 0x0000000086900000|  0%| F|  |TAMS 0x0000000086800000, 0x0000000086800000| Untracked 
|  65|0x0000000086900000, 0x0000000086900000, 0x0000000086a00000|  0%| F|  |TAMS 0x0000000086900000, 0x0000000086900000| Untracked 
|  66|0x0000000086a00000, 0x0000000086a00000, 0x0000000086b00000|  0%| F|  |TAMS 0x0000000086a00000, 0x0000000086a00000| Untracked 
|  67|0x0000000086b00000, 0x0000000086b00000, 0x0000000086c00000|  0%| F|  |TAMS 0x0000000086b00000, 0x0000000086b00000| Untracked 
|  68|0x0000000086c00000, 0x0000000086c00000, 0x0000000086d00000|  0%| F|  |TAMS 0x0000000086c00000, 0x0000000086c00000| Untracked 
|  69|0x0000000086d00000, 0x0000000086d00000, 0x0000000086e00000|  0%| F|  |TAMS 0x0000000086d00000, 0x0000000086d00000| Untracked 
|  70|0x0000000086e00000, 0x0000000086e00000, 0x0000000086f00000|  0%| F|  |TAMS 0x0000000086e00000, 0x0000000086e00000| Untracked 
|  71|0x0000000086f00000, 0x0000000086f00000, 0x0000000087000000|  0%| F|  |TAMS 0x0000000086f00000, 0x0000000086f00000| Untracked 
|  72|0x0000000087000000, 0x0000000087000000, 0x0000000087100000|  0%| F|  |TAMS 0x0000000087000000, 0x0000000087000000| Untracked 
|  73|0x0000000087100000, 0x0000000087100000, 0x0000000087200000|  0%| F|  |TAMS 0x0000000087100000, 0x0000000087100000| Untracked 
|  74|0x0000000087200000, 0x0000000087200000, 0x0000000087300000|  0%| F|  |TAMS 0x0000000087200000, 0x0000000087200000| Untracked 
|  75|0x0000000087300000, 0x0000000087300000, 0x0000000087400000|  0%| F|  |TAMS 0x0000000087300000, 0x0000000087300000| Untracked 
|  76|0x0000000087400000, 0x0000000087400000, 0x0000000087500000|  0%| F|  |TAMS 0x0000000087400000, 0x0000000087400000| Untracked 
|  77|0x0000000087500000, 0x0000000087500000, 0x0000000087600000|  0%| F|  |TAMS 0x0000000087500000, 0x0000000087500000| Untracked 
|  78|0x0000000087600000, 0x0000000087600000, 0x0000000087700000|  0%| F|  |TAMS 0x0000000087600000, 0x0000000087600000| Untracked 
|  79|0x0000000087700000, 0x0000000087700000, 0x0000000087800000|  0%| F|  |TAMS 0x0000000087700000, 0x0000000087700000| Untracked 
|  80|0x0000000087800000, 0x0000000087800000, 0x0000000087900000|  0%| F|  |TAMS 0x0000000087800000, 0x0000000087800000| Untracked 
|  81|0x0000000087900000, 0x0000000087900000, 0x0000000087a00000|  0%| F|  |TAMS 0x0000000087900000, 0x0000000087900000| Untracked 
|  82|0x0000000087a00000, 0x0000000087a00000, 0x0000000087b00000|  0%| F|  |TAMS 0x0000000087a00000, 0x0000000087a00000| Untracked 
|  83|0x0000000087b00000, 0x0000000087b00000, 0x0000000087c00000|  0%| F|  |TAMS 0x0000000087b00000, 0x0000000087b00000| Untracked 
|  84|0x0000000087c00000, 0x0000000087c00000, 0x0000000087d00000|  0%| F|  |TAMS 0x0000000087c00000, 0x0000000087c00000| Untracked 
|  85|0x0000000087d00000, 0x0000000087d00000, 0x0000000087e00000|  0%| F|  |TAMS 0x0000000087d00000, 0x0000000087d00000| Untracked 
|  86|0x0000000087e00000, 0x0000000087e00000, 0x0000000087f00000|  0%| F|  |TAMS 0x0000000087e00000, 0x0000000087e00000| Untracked 
|  87|0x0000000087f00000, 0x0000000087f00000, 0x0000000088000000|  0%| F|  |TAMS 0x0000000087f00000, 0x0000000087f00000| Untracked 
|  88|0x0000000088000000, 0x0000000088000000, 0x0000000088100000|  0%| F|  |TAMS 0x0000000088000000, 0x0000000088000000| Untracked 
|  89|0x0000000088100000, 0x0000000088100000, 0x0000000088200000|  0%| F|  |TAMS 0x0000000088100000, 0x0000000088100000| Untracked 
|  90|0x0000000088200000, 0x0000000088200000, 0x0000000088300000|  0%| F|  |TAMS 0x0000000088200000, 0x0000000088200000| Untracked 
|  91|0x0000000088300000, 0x0000000088300000, 0x0000000088400000|  0%| F|  |TAMS 0x0000000088300000, 0x0000000088300000| Untracked 
|  92|0x0000000088400000, 0x0000000088400000, 0x0000000088500000|  0%| F|  |TAMS 0x0000000088400000, 0x0000000088400000| Untracked 
|  93|0x0000000088500000, 0x0000000088500000, 0x0000000088600000|  0%| F|  |TAMS 0x0000000088500000, 0x0000000088500000| Untracked 
|  94|0x0000000088600000, 0x0000000088600000, 0x0000000088700000|  0%| F|  |TAMS 0x0000000088600000, 0x0000000088600000| Untracked 
|  95|0x0000000088700000, 0x0000000088700000, 0x0000000088800000|  0%| F|  |TAMS 0x0000000088700000, 0x0000000088700000| Untracked 
|  96|0x0000000088800000, 0x0000000088800000, 0x0000000088900000|  0%| F|  |TAMS 0x0000000088800000, 0x0000000088800000| Untracked 
|  97|0x0000000088900000, 0x0000000088900000, 0x0000000088a00000|  0%| F|  |TAMS 0x0000000088900000, 0x0000000088900000| Untracked 
|  98|0x0000000088a00000, 0x0000000088a00000, 0x0000000088b00000|  0%| F|  |TAMS 0x0000000088a00000, 0x0000000088a00000| Untracked 
|  99|0x0000000088b00000, 0x0000000088b00000, 0x0000000088c00000|  0%| F|  |TAMS 0x0000000088b00000, 0x0000000088b00000| Untracked 
| 100|0x0000000088c00000, 0x0000000088c00000, 0x0000000088d00000|  0%| F|  |TAMS 0x0000000088c00000, 0x0000000088c00000| Untracked 
| 101|0x0000000088d00000, 0x0000000088d00000, 0x0000000088e00000|  0%| F|  |TAMS 0x0000000088d00000, 0x0000000088d00000| Untracked 
| 102|0x0000000088e00000, 0x0000000088e00000, 0x0000000088f00000|  0%| F|  |TAMS 0x0000000088e00000, 0x0000000088e00000| Untracked 
| 103|0x0000000088f00000, 0x0000000088f00000, 0x0000000089000000|  0%| F|  |TAMS 0x0000000088f00000, 0x0000000088f00000| Untracked 
| 104|0x0000000089000000, 0x0000000089000000, 0x0000000089100000|  0%| F|  |TAMS 0x0000000089000000, 0x0000000089000000| Untracked 
| 105|0x0000000089100000, 0x0000000089100000, 0x0000000089200000|  0%| F|  |TAMS 0x0000000089100000, 0x0000000089100000| Untracked 
| 106|0x0000000089200000, 0x0000000089200000, 0x0000000089300000|  0%| F|  |TAMS 0x0000000089200000, 0x0000000089200000| Untracked 
| 107|0x0000000089300000, 0x0000000089300000, 0x0000000089400000|  0%| F|  |TAMS 0x0000000089300000, 0x0000000089300000| Untracked 
| 108|0x0000000089400000, 0x0000000089400000, 0x0000000089500000|  0%| F|  |TAMS 0x0000000089400000, 0x0000000089400000| Untracked 
| 109|0x0000000089500000, 0x0000000089500000, 0x0000000089600000|  0%| F|  |TAMS 0x0000000089500000, 0x0000000089500000| Untracked 
| 110|0x0000000089600000, 0x0000000089600000, 0x0000000089700000|  0%| F|  |TAMS 0x0000000089600000, 0x0000000089600000| Untracked 
| 111|0x0000000089700000, 0x0000000089700000, 0x0000000089800000|  0%| F|  |TAMS 0x0000000089700000, 0x0000000089700000| Untracked 
| 112|0x0000000089800000, 0x0000000089800000, 0x0000000089900000|  0%| F|  |TAMS 0x0000000089800000, 0x0000000089800000| Untracked 
| 113|0x0000000089900000, 0x0000000089900000, 0x0000000089a00000|  0%| F|  |TAMS 0x0000000089900000, 0x0000000089900000| Untracked 
| 114|0x0000000089a00000, 0x0000000089a00000, 0x0000000089b00000|  0%| F|  |TAMS 0x0000000089a00000, 0x0000000089a00000| Untracked 
| 115|0x0000000089b00000, 0x0000000089b00000, 0x0000000089c00000|  0%| F|  |TAMS 0x0000000089b00000, 0x0000000089b00000| Untracked 
| 116|0x0000000089c00000, 0x0000000089c00000, 0x0000000089d00000|  0%| F|  |TAMS 0x0000000089c00000, 0x0000000089c00000| Untracked 
| 117|0x0000000089d00000, 0x0000000089d00000, 0x0000000089e00000|  0%| F|  |TAMS 0x0000000089d00000, 0x0000000089d00000| Untracked 
| 118|0x0000000089e00000, 0x0000000089e00000, 0x0000000089f00000|  0%| F|  |TAMS 0x0000000089e00000, 0x0000000089e00000| Untracked 
| 119|0x0000000089f00000, 0x0000000089f00000, 0x000000008a000000|  0%| F|  |TAMS 0x0000000089f00000, 0x0000000089f00000| Untracked 
| 120|0x000000008a000000, 0x000000008a000000, 0x000000008a100000|  0%| F|  |TAMS 0x000000008a000000, 0x000000008a000000| Untracked 
| 121|0x000000008a100000, 0x000000008a100000, 0x000000008a200000|  0%| F|  |TAMS 0x000000008a100000, 0x000000008a100000| Untracked 
| 122|0x000000008a200000, 0x000000008a2c8358, 0x000000008a300000| 78%| E|  |TAMS 0x000000008a200000, 0x000000008a200000| Complete 
| 123|0x000000008a300000, 0x000000008a400000, 0x000000008a400000|100%| E|CS|TAMS 0x000000008a300000, 0x000000008a300000| Complete 
| 124|0x000000008a400000, 0x000000008a500000, 0x000000008a500000|100%| E|CS|TAMS 0x000000008a400000, 0x000000008a400000| Complete 
| 125|0x000000008a500000, 0x000000008a600000, 0x000000008a600000|100%| E|CS|TAMS 0x000000008a500000, 0x000000008a500000| Complete 

Card table byte_map: [0x000001c898350000,0x000001c898740000] _byte_map_base: 0x000001c897f3c000

Marking Bits (Prev, Next): (CMBitMap*) 0x000001c883a17b00, (CMBitMap*) 0x000001c883a17b40
 Prev Bits: [0x000001c898b30000, 0x000001c89aa90000)
 Next Bits: [0x000001c89aa90000, 0x000001c89c9f0000)

Polling page: 0x000001c883a70000

Metaspace:

Usage:
  Non-class:      8.12 MB used.
      Class:    851.75 KB used.
       Both:      8.95 MB used.

Virtual space:
  Non-class space:       64.00 MB reserved,       8.12 MB ( 13%) committed,  1 nodes.
      Class space:        1.00 GB reserved,     896.00 KB ( <1%) committed,  1 nodes.
             Both:        1.06 GB reserved,       9.00 MB ( <1%) committed. 

Chunk freelists:
   Non-Class:  7.00 MB
       Class:  15.09 MB
        Both:  22.09 MB

MaxMetaspaceSize: unlimited
CompressedClassSpaceSize: 1.00 GB
Initial GC threshold: 21.00 MB
Current GC threshold: 21.00 MB
CDS: off
MetaspaceReclaimPolicy: balanced
 - commit_granule_bytes: 65536.
 - commit_granule_words: 8192.
 - virtual_space_node_default_size: 8388608.
 - enlarge_chunks_in_place: 1.
 - new_chunks_are_fully_committed: 0.
 - uncommit_free_chunks: 1.
 - use_allocation_guard: 0.
 - handle_deallocations: 1.


Internal statistics:

num_allocs_failed_limit: 0.
num_arena_births: 20.
num_arena_deaths: 0.
num_vsnodes_births: 2.
num_vsnodes_deaths: 0.
num_space_committed: 144.
num_space_uncommitted: 0.
num_chunks_returned_to_freelist: 0.
num_chunks_taken_from_freelist: 52.
num_chunk_merges: 0.
num_chunk_splits: 27.
num_chunks_enlarged: 17.
num_inconsistent_stats: 0.

CodeHeap 'non-profiled nmethods': size=120000Kb used=98Kb max_used=98Kb free=119901Kb
 bounds [0x000001c890400000, 0x000001c890670000, 0x000001c897930000]
CodeHeap 'profiled nmethods': size=120000Kb used=476Kb max_used=476Kb free=119523Kb
 bounds [0x000001c888930000, 0x000001c888ba0000, 0x000001c88fe60000]
CodeHeap 'non-nmethods': size=5760Kb used=1136Kb max_used=1151Kb free=4624Kb
 bounds [0x000001c88fe60000, 0x000001c8900d0000, 0x000001c890400000]
 total_blobs=768 nmethods=346 adapters=335
 compilation: enabled
              stopped_count=0, restarted_count=0
 full_count=0

Compilation events (20 events):
Event: 0.718 Thread 0x000001c89f24e1d0  337       3       java.util.Arrays$ArrayList::size (6 bytes)
Event: 0.718 Thread 0x000001c89f24e1d0 nmethod 337 0x000001c8889a4390 code [0x000001c8889a4520, 0x000001c8889a4638]
Event: 0.718 Thread 0x000001c89f24e1d0  338       3       java.util.AbstractCollection::isEmpty (13 bytes)
Event: 0.719 Thread 0x000001c89f24e1d0 nmethod 338 0x000001c8889a4710 code [0x000001c8889a48c0, 0x000001c8889a4ae8]
Event: 0.719 Thread 0x000001c89f24e1d0  339       3       java.lang.Integer::equals (29 bytes)
Event: 0.720 Thread 0x000001c89f24e1d0 nmethod 339 0x000001c8889a4b90 code [0x000001c8889a4d40, 0x000001c8889a5118]
Event: 0.720 Thread 0x000001c89f24e1d0  340       3       java.util.regex.ASCII::toLower (16 bytes)
Event: 0.720 Thread 0x000001c89f24e1d0 nmethod 340 0x000001c8889a5210 code [0x000001c8889a53a0, 0x000001c8889a5598]
Event: 0.720 Thread 0x000001c89f24e1d0  341       3       java.util.regex.ASCII::isUpper (18 bytes)
Event: 0.720 Thread 0x000001c89f24e1d0 nmethod 341 0x000001c8889a5690 code [0x000001c8889a5820, 0x000001c8889a5978]
Event: 0.721 Thread 0x000001c89f24e1d0  342       3       java.lang.Character::toLowerCase (6 bytes)
Event: 0.721 Thread 0x000001c89f24e1d0 nmethod 342 0x000001c8889a5a10 code [0x000001c8889a5bc0, 0x000001c8889a5e18]
Event: 0.721 Thread 0x000001c89f24e1d0  343       3       java.lang.StringLatin1::getChar (9 bytes)
Event: 0.721 Thread 0x000001c89f24e1d0 nmethod 343 0x000001c8889a5f10 code [0x000001c8889a60a0, 0x000001c8889a61b8]
Event: 0.721 Thread 0x000001c89f24e1d0  344       3       java.util.regex.Pattern$SliceI::match (96 bytes)
Event: 0.721 Thread 0x000001c89f24e1d0 nmethod 344 0x000001c8889a6290 code [0x000001c8889a6480, 0x000001c8889a6ad8]
Event: 0.721 Thread 0x000001c89f24e1d0  345       3       java.util.AbstractSet::<init> (5 bytes)
Event: 0.721 Thread 0x000001c89f24e1d0 nmethod 345 0x000001c8889a6d10 code [0x000001c8889a6ec0, 0x000001c8889a7078]
Event: 0.721 Thread 0x000001c89f24e1d0  346       1       java.util.LinkedHashMap::removeEldestEntry (2 bytes)
Event: 0.721 Thread 0x000001c89f24e1d0 nmethod 346 0x000001c890418710 code [0x000001c8904188a0, 0x000001c890418978]

GC Heap History (0 events):
No events

Dll operation events (1 events):
Event: 0.085 Loaded shared library C:\Program Files\JetBrains\IntelliJ IDEA 2023.3.3\jbr\bin\java.dll

Deoptimization events (0 events):
No events

Classes unloaded (0 events):
No events

Classes redefined (0 events):
No events

Internal exceptions (7 events):
Event: 0.638 Thread 0x000001c88385e800 Exception <a 'sun/nio/fs/WindowsException'{0x000000008a3fb5f8}> (0x000000008a3fb5f8) 
thrown [s\src\hotspot\share\prims\jni.cpp, line 517]
Event: 0.665 Thread 0x000001c88385e800 Exception <a 'java/lang/NoSuchMethodError'{0x000000008a226d40}: 'int java.lang.invoke.DirectMethodHandle$Holder.invokeStaticInit(java.lang.Object, java.lang.Object, java.lang.Object, java.lang.Object)'> (0x000000008a226d40) 
thrown [s\src\hotspot\share\interpreter\linkResolver.cpp, line 771]
Event: 0.668 Thread 0x000001c88385e800 Exception <a 'java/lang/NoSuchMethodError'{0x000000008a2319e0}: 'java.lang.Object java.lang.invoke.DirectMethodHandle$Holder.invokeInterface(java.lang.Object, java.lang.Object)'> (0x000000008a2319e0) 
thrown [s\src\hotspot\share\interpreter\linkResolver.cpp, line 771]
Event: 0.668 Thread 0x000001c88385e800 Exception <a 'java/lang/IncompatibleClassChangeError'{0x000000008a235300}: Found class java.lang.Object, but interface was expected> (0x000000008a235300) 
thrown [s\src\hotspot\share\interpreter\linkResolver.cpp, line 838]
Event: 0.669 Thread 0x000001c88385e800 Exception <a 'java/lang/NoSuchMethodError'{0x000000008a2386b0}: 'void java.lang.invoke.DirectMethodHandle$Holder.invokeStatic(java.lang.Object, java.lang.Object)'> (0x000000008a2386b0) 
thrown [s\src\hotspot\share\interpreter\linkResolver.cpp, line 771]
Event: 0.670 Thread 0x000001c88385e800 Exception <a 'java/lang/NoSuchMethodError'{0x000000008a23bfc8}: 'void java.lang.invoke.DirectMethodHandle$Holder.invokeStaticInit(java.lang.Object, java.lang.Object)'> (0x000000008a23bfc8) 
thrown [s\src\hotspot\share\interpreter\linkResolver.cpp, line 771]
Event: 0.672 Thread 0x000001c88385e800 Exception <a 'java/lang/NoSuchMethodError'{0x000000008a242840}: 'int java.lang.invoke.DirectMethodHandle$Holder.invokeStaticInit(java.lang.Object, java.lang.Object)'> (0x000000008a242840) 
thrown [s\src\hotspot\share\interpreter\linkResolver.cpp, line 771]

VM Operations (4 events):
Event: 0.410 Executing VM operation: HandshakeAllThreads
Event: 0.410 Executing VM operation: HandshakeAllThreads done
Event: 0.435 Executing VM operation: HandshakeAllThreads
Event: 0.435 Executing VM operation: HandshakeAllThreads done

Events (20 events):
Event: 0.711 loading class sun/security/ssl/NamedGroup$NamedGroupScheme
Event: 0.711 loading class sun/security/ssl/NamedGroup$NamedGroupScheme done
Event: 0.711 loading class sun/security/ssl/NamedGroup$NamedGroupSpec done
Event: 0.711 loading class sun/security/ssl/NamedGroup$ECDHEScheme
Event: 0.711 loading class sun/security/ssl/NamedGroup$ECDHEScheme done
Event: 0.711 loading class sun/security/ssl/NamedGroup
Event: 0.712 loading class sun/security/ssl/NamedGroup done
Event: 0.712 loading class sun/security/ssl/NamedGroup$FFDHEScheme
Event: 0.712 loading class sun/security/ssl/NamedGroup$FFDHEScheme done
Event: 0.712 loading class sun/security/ssl/NamedGroup$XDHScheme
Event: 0.712 loading class sun/security/ssl/NamedGroup$XDHScheme done
Event: 0.712 loading class sun/security/ssl/JsseJce
Event: 0.712 loading class sun/security/ssl/JsseJce done
Event: 0.712 loading class sun/security/ssl/Utilities
Event: 0.712 loading class sun/security/ssl/Utilities done
Event: 0.720 loading class sun/security/ssl/SSLAlgorithmDecomposer$1
Event: 0.720 loading class sun/security/ssl/SSLAlgorithmDecomposer$1 done
Event: 0.721 loading class sun/security/ssl/JsseJce$EcAvailability
Event: 0.721 loading class sun/security/ssl/JsseJce$EcAvailability done
Event: 0.721 loading class java/security/Signature


Dynamic libraries:
0x00007ff619ea0000 - 0x00007ff619eaa000 	C:\Program Files\JetBrains\IntelliJ IDEA 2023.3.3\jbr\bin\java.exe
0x00007ff905770000 - 0x00007ff905986000 	C:\WINDOWS\SYSTEM32\ntdll.dll
0x00007ff904ab0000 - 0x00007ff904b74000 	C:\WINDOWS\System32\KERNEL32.DLL
0x00007ff902c80000 - 0x00007ff903027000 	C:\WINDOWS\System32\KERNELBASE.dll
0x00007ff902b30000 - 0x00007ff902c41000 	C:\WINDOWS\System32\ucrtbase.dll
0x00007ff89ed90000 - 0x00007ff89eda7000 	C:\Program Files\JetBrains\IntelliJ IDEA 2023.3.3\jbr\bin\jli.dll
0x00007ff904c20000 - 0x00007ff904dce000 	C:\WINDOWS\System32\USER32.dll
0x00007ff902c50000 - 0x00007ff902c76000 	C:\WINDOWS\System32\win32u.dll
0x00007ff904ff0000 - 0x00007ff905019000 	C:\WINDOWS\System32\GDI32.dll
0x00007ff9032c0000 - 0x00007ff9033d9000 	C:\WINDOWS\System32\gdi32full.dll
0x00007ff903220000 - 0x00007ff9032ba000 	C:\WINDOWS\System32\msvcp_win.dll
0x00007ff8e9020000 - 0x00007ff8e903b000 	C:\Program Files\JetBrains\IntelliJ IDEA 2023.3.3\jbr\bin\VCRUNTIME140.dll
0x00007ff8ed050000 - 0x00007ff8ed2e3000 	C:\WINDOWS\WinSxS\amd64_microsoft.windows.common-controls_6595b64144ccf1df_6.0.22621.3235_none_270f74e173860f98\COMCTL32.dll
0x00007ff905230000 - 0x00007ff9052d7000 	C:\WINDOWS\System32\msvcrt.dll
0x00007ff904b80000 - 0x00007ff904bb1000 	C:\WINDOWS\System32\IMM32.DLL
0x00007ff8ec320000 - 0x00007ff8ec32c000 	C:\Program Files\JetBrains\IntelliJ IDEA 2023.3.3\jbr\bin\vcruntime140_1.dll
0x00007ff89e980000 - 0x00007ff89ea0d000 	C:\Program Files\JetBrains\IntelliJ IDEA 2023.3.3\jbr\bin\msvcp140.dll
0x00007ff894580000 - 0x00007ff895202000 	C:\Program Files\JetBrains\IntelliJ IDEA 2023.3.3\jbr\bin\server\jvm.dll
0x00007ff904dd0000 - 0x00007ff904e82000 	C:\WINDOWS\System32\ADVAPI32.dll
0x00007ff904580000 - 0x00007ff904628000 	C:\WINDOWS\System32\sechost.dll
0x00007ff902b00000 - 0x00007ff902b28000 	C:\WINDOWS\System32\bcrypt.dll
0x00007ff9054f0000 - 0x00007ff905605000 	C:\WINDOWS\System32\RPCRT4.dll
0x00007ff902960000 - 0x00007ff9029ad000 	C:\WINDOWS\SYSTEM32\POWRPROF.dll
0x00007ff8de4a0000 - 0x00007ff8de4a9000 	C:\WINDOWS\SYSTEM32\WSOCK32.dll
0x00007ff905030000 - 0x00007ff9050a1000 	C:\WINDOWS\System32\WS2_32.dll
0x00007ff8fa580000 - 0x00007ff8fa5b4000 	C:\WINDOWS\SYSTEM32\WINMM.dll
0x00007ff8f3290000 - 0x00007ff8f329a000 	C:\WINDOWS\SYSTEM32\VERSION.dll
0x00007ff902790000 - 0x00007ff9027a3000 	C:\WINDOWS\SYSTEM32\UMPDC.dll
0x00007ff901a90000 - 0x00007ff901aa8000 	C:\WINDOWS\SYSTEM32\kernel.appcore.dll
0x00007ff8faea0000 - 0x00007ff8faeaa000 	C:\Program Files\JetBrains\IntelliJ IDEA 2023.3.3\jbr\bin\jimage.dll
0x00007ff8ee1b0000 - 0x00007ff8ee3e3000 	C:\WINDOWS\SYSTEM32\DBGHELP.DLL
0x00007ff9041f0000 - 0x00007ff904578000 	C:\WINDOWS\System32\combase.dll
0x00007ff904ea0000 - 0x00007ff904f77000 	C:\WINDOWS\System32\OLEAUT32.dll
0x00007ff8d53b0000 - 0x00007ff8d53e2000 	C:\WINDOWS\SYSTEM32\dbgcore.DLL
0x00007ff903030000 - 0x00007ff9030a9000 	C:\WINDOWS\System32\bcryptPrimitives.dll
0x00007ff8ebc10000 - 0x00007ff8ebc35000 	C:\Program Files\JetBrains\IntelliJ IDEA 2023.3.3\jbr\bin\java.dll
0x00007ff8e94c0000 - 0x00007ff8e94d8000 	C:\Program Files\JetBrains\IntelliJ IDEA 2023.3.3\jbr\bin\zip.dll
0x00007ff903620000 - 0x00007ff903e7c000 	C:\WINDOWS\System32\SHELL32.dll
0x00007ff9009a0000 - 0x00007ff901299000 	C:\WINDOWS\SYSTEM32\windows.storage.dll
0x00007ff900860000 - 0x00007ff90099e000 	C:\WINDOWS\SYSTEM32\wintypes.dll
0x00007ff905630000 - 0x00007ff905723000 	C:\WINDOWS\System32\SHCORE.dll
0x00007ff904bc0000 - 0x00007ff904c1e000 	C:\WINDOWS\System32\shlwapi.dll
0x00007ff9029c0000 - 0x00007ff9029e1000 	C:\WINDOWS\SYSTEM32\profapi.dll
0x00007ff8e1d70000 - 0x00007ff8e1d89000 	C:\Program Files\JetBrains\IntelliJ IDEA 2023.3.3\jbr\bin\net.dll
0x00007ff8fbe50000 - 0x00007ff8fbf86000 	C:\WINDOWS\SYSTEM32\WINHTTP.dll
0x00007ff901f00000 - 0x00007ff901f69000 	C:\WINDOWS\system32\mswsock.dll
0x00007ff89f960000 - 0x00007ff89f976000 	C:\Program Files\JetBrains\IntelliJ IDEA 2023.3.3\jbr\bin\nio.dll
0x00007ff8ebf50000 - 0x00007ff8ebf5e000 	C:\Program Files\JetBrains\IntelliJ IDEA 2023.3.3\jbr\bin\sunmscapi.dll
0x00007ff9030b0000 - 0x00007ff903217000 	C:\WINDOWS\System32\CRYPT32.dll
0x00007ff902360000 - 0x00007ff90238e000 	C:\WINDOWS\SYSTEM32\ncrypt.dll
0x00007ff902320000 - 0x00007ff902357000 	C:\WINDOWS\SYSTEM32\NTASN1.dll

dbghelp: loaded successfully - version: 4.0.5 - missing functions: none
symbol engine: initialized successfully - sym options: 0x614 - pdb path: .;C:\Program Files\JetBrains\IntelliJ IDEA 2023.3.3\jbr\bin;C:\WINDOWS\SYSTEM32;C:\WINDOWS\WinSxS\amd64_microsoft.windows.common-controls_6595b64144ccf1df_6.0.22621.3235_none_270f74e173860f98;C:\Program Files\JetBrains\IntelliJ IDEA 2023.3.3\jbr\bin\server

VM Arguments:
java_command: git4idea.http.GitAskPassApp Username for 'https://github.com': 
java_class_path (initial): C:/Program Files/JetBrains/IntelliJ IDEA 2023.3.3/plugins/vcs-git/lib/git4idea-rt.jar;C:/Program Files/JetBrains/IntelliJ IDEA 2023.3.3/lib/externalProcess-rt.jar
Launcher Type: SUN_STANDARD

[Global flags]
     intx CICompilerCount                          = 3                                         {product} {ergonomic}
     uint ConcGCThreads                            = 1                                         {product} {ergonomic}
     uint G1ConcRefinementThreads                  = 4                                         {product} {ergonomic}
   size_t G1HeapRegionSize                         = 1048576                                   {product} {ergonomic}
    uintx GCDrainStackTargetSize                   = 64                                        {product} {ergonomic}
   size_t InitialHeapSize                          = 132120576                                 {product} {ergonomic}
   size_t MarkStackSize                            = 4194304                                   {product} {ergonomic}
   size_t MaxHeapSize                              = 2105540608                                {product} {ergonomic}
   size_t MaxNewSize                               = 1262485504                                {product} {ergonomic}
   size_t MinHeapDeltaBytes                        = 1048576                                   {product} {ergonomic}
   size_t MinHeapSize                              = 8388608                                   {product} {ergonomic}
    uintx NonNMethodCodeHeapSize                   = 5832780                                {pd product} {ergonomic}
    uintx NonProfiledCodeHeapSize                  = 122912730                              {pd product} {ergonomic}
    uintx ProfiledCodeHeapSize                     = 122912730                              {pd product} {ergonomic}
    uintx ReservedCodeCacheSize                    = 251658240                              {pd product} {ergonomic}
     bool SegmentedCodeCache                       = true                                      {product} {ergonomic}
   size_t SoftMaxHeapSize                          = 2105540608                             {manageable} {ergonomic}
     bool UseCompressedClassPointers               = true                           {product lp64_product} {ergonomic}
     bool UseCompressedOops                        = true                           {product lp64_product} {ergonomic}
     bool UseG1GC                                  = true                                      {product} {ergonomic}
     bool UseLargePagesIndividualAllocation        = false                                  {pd product} {ergonomic}

Logging:
Log output configuration:
 #0: stdout all=warning uptime,level,tags
 #1: stderr all=off uptime,level,tags

Environment Variables:
PATH=C:\Program Files\Git\mingw64\libexec\git-core;C:\Program Files\Git\mingw64\libexec\git-core;C:\Program Files\Git\mingw64\bin;C:\Program Files\Git\usr\bin;C:\Users\arapb\bin;C:\Windows\System32\HWAudioDriverLibs;C:\Windows\system32;C:\Windows;C:\Windows\System32\Wbem;C:\Windows\System32\WindowsPowerShell\v1.0;C:\Windows\System32\OpenSSH;C:\Windows\system32\config\systemprofile\AppData\Local\Microsoft\WindowsApps;C:\WINDOWS\system32;C:\WINDOWS;C:\WINDOWS\System32\Wbem;C:\WINDOWS\System32\WindowsPowerShell\v1.0;C:\WINDOWS\System32\OpenSSH;C:\Program Files (x86)\dotnet;C:\xampp\php;C:\Program Files\dotnet;C:\Program Files (x86)\IVI Foundation\VISA\WinNT\Bin;C:\Program Files\IVI Foundation\VISA\Win64\Bin;C:\Program Files (x86)\IVI Foundation\IVI\Bin;C:\Program Files\IVI Foundation\IVI\Bin;C:\Program Files (x86)\IVI Foundation\VISA\WinNT\Bin;C:\Program Files\nodejs;C:\Program Files\Docker\Docker\resources\bin;C:\Program Files\Git\cmd;C:\Program Files\PowerShell\7;C:\Program Files\Microsoft SQL Server\150\Tools\Binn;C:\Program Files\Microsoft SQL Server\Client SDK\ODBC\170\Tools\Binn;C:\Users\arapb\AppData\Local\Microsoft\WindowsApps;C:\Program Files\JetBrains\IntelliJ IDEA Community Edition 2022.3.1\bin;C:\Program Files\JetBrains\PhpStorm 2023.2.3\bin;C:\Program Files\JetBrains\IntelliJ IDEA 2023.3.3\bin;C:\Users\arapb\AppData\Local\Programs\Microsoft VS Code\bin;C:\Users\arapb\AppData\Roaming\npm;C:\Users\arapb\AppData\Local\GitHubDesktop\bin;C:\Users\arapb\.dotnet\tools
USERNAME=Tuyechiev
DISPLAY=:0.0
LC_ALL=en_US.UTF-8
TERM=xterm-256color
TMPDIR=C:\Users\arapb\AppData\Local\Temp
OS=Windows_NT
PROCESSOR_IDENTIFIER=Intel64 Family 6 Model 142 Stepping 12, GenuineIntel
TMP=C:\Users\arapb\AppData\Local\Temp
TEMP=C:\Users\arapb\AppData\Local\Temp



Periodic native trim disabled

JNI global refs:
JNI global refs: 8, weak refs: 0

JNI global refs memory usage: 843, weak refs: 209

OOME stack traces (most recent first):
Classloader memory used:
Loader bootstrap                                                                       : 1126K
Loader jdk.internal.loader.ClassLoaders$PlatformClassLoader                            : 17200B
Loader jdk.internal.loader.ClassLoaders$AppClassLoader                                 : 1808B


---------------  S Y S T E M  ---------------

OS:
 Windows 11 , 64 bit Build 22621 (10.0.22621.3374)
OS uptime: 2 days 15:30 hours
Hyper-V role detected

CPU: total 4 (initial active 4) (2 cores per cpu, 2 threads per core) family 6 model 142 stepping 12 microcode 0xde, cx8, cmov, fxsr, ht, mmx, 3dnowpref, sse, sse2, sse3, ssse3, sse4.1, sse4.2, popcnt, lzcnt, tsc, tscinvbit, avx, avx2, aes, erms, clmul, bmi1, bmi2, adx, fma, vzeroupper, clflush, clflushopt, hv
Processor Information for all 4 processors :
  Max Mhz: 2592, Current Mhz: 2592, Mhz Limit: 2073

Memory: 4k page, system-wide physical 8025M (488M free)
TotalPageFile size 21191M (AvailPageFile size 1M)
current process WorkingSet (physical memory assigned to process): 44M, peak: 44M
current process commit charge ("private bytes"): 199M, peak: 201M

vm_info: OpenJDK 64-Bit Server VM (17.0.9+7-b1087.11) for windows-amd64 JRE (17.0.9+7-b1087.11), built on 2024-01-05 by "builduser" with MS VC++ 16.10 / 16.11 (VS2019)

END.
