#
# There is insufficient memory for the Java Runtime Environment to continue.
# Native memory allocation (mmap) failed to map 132120576 bytes for G1 virtual space
# Possible reasons:
#   The system is out of physical RAM or swap space
#   The process is running with CompressedOops enabled, and the Java Heap may be blocking the growth of the native heap
# Possible solutions:
#   Reduce memory load on the system
#   Increase physical memory or swap space
#   Check if swap backing store is full
#   Decrease Java heap size (-Xmx/-Xms)
#   Decrease number of Java threads
#   Decrease Java thread stack sizes (-Xss)
#   Set larger code cache with -XX:ReservedCodeCacheSize=
#   JVM is running with Unscaled Compressed Oops mode in which the Java heap is
#     placed in the first 4GB address space. The Java Heap base address is the
#     maximum limit for the native heap growth. Please use -XX:HeapBaseMinAddress
#     to set the Java Heap base and to place the Java Heap above 4GB virtual address.
# This output file may be truncated or incomplete.
#
#  Out of Memory Error (os_windows.cpp:3825), pid=20000, tid=26620
#
# JRE version:  (17.0.9+7) (build )
# Java VM: OpenJDK 64-Bit Server VM (17.0.9+7-b1087.11, mixed mode, sharing, tiered, compressed oops, compressed class ptrs, g1 gc, windows-amd64)
# No core dump will be written. Minidumps are not enabled by default on client versions of Windows
#

---------------  S U M M A R Y ------------

Command Line: git4idea.http.GitAskPassApp Username for 'https://github.com': 

Host: Intel(R) Core(TM) i3-10110U CPU @ 2.10GHz, 4 cores, 7G,  Windows 11 , 64 bit Build 22621 (10.0.22621.3374)
Time: Wed May  8 23:19:50 2024  Windows 11 , 64 bit Build 22621 (10.0.22621.3374) elapsed time: 0.028063 seconds (0d 0h 0m 0s)

---------------  T H R E A D  ---------------

Current thread (0x000001ef4ea6ed20):  JavaThread "Unknown thread" [_thread_in_vm, id=26620, stack(0x000000d880d00000,0x000000d880e00000)]

Stack: [0x000000d880d00000,0x000000d880e00000]
Native frames: (J=compiled Java code, j=interpreted, Vv=VM code, C=native code)
V  [jvm.dll+0x688349]
V  [jvm.dll+0x841bfa]
V  [jvm.dll+0x84383e]
V  [jvm.dll+0x843ea3]
V  [jvm.dll+0x24bdef]
V  [jvm.dll+0x6850f9]
V  [jvm.dll+0x67988a]
V  [jvm.dll+0x30cbfb]
V  [jvm.dll+0x3140a6]
V  [jvm.dll+0x363ede]
V  [jvm.dll+0x36410f]
V  [jvm.dll+0x2e29c8]
V  [jvm.dll+0x2e3934]
V  [jvm.dll+0x812771]
V  [jvm.dll+0x371d41]
V  [jvm.dll+0x7f12bc]
V  [jvm.dll+0x3f59cf]
V  [jvm.dll+0x3f7601]
C  [jli.dll+0x528f]
C  [ucrtbase.dll+0x29333]
C  [KERNEL32.DLL+0x1257d]
C  [ntdll.dll+0x5aa48]


---------------  P R O C E S S  ---------------

Threads class SMR info:
_java_thread_list=0x00007ff8950bdf18, length=0, elements={
}

Java Threads: ( => current thread )

Other Threads:
  0x000001ef4eac7b60 GCTaskThread "GC Thread#0" [stack: 0x000000d880e00000,0x000000d880f00000] [id=6452]
  0x000001ef4ead85b0 ConcurrentGCThread "G1 Main Marker" [stack: 0x000000d880f00000,0x000000d881000000] [id=22768]
  0x000001ef4ead8fd0 ConcurrentGCThread "G1 Conc#0" [stack: 0x000000d881000000,0x000000d881100000] [id=18768]

[error occurred during error reporting (printing all threads), id 0xc0000005, EXCEPTION_ACCESS_VIOLATION (0xc0000005) at pc=0x00007ff894873597]

VM state: not at safepoint (not fully initialized)

VM Mutex/Monitor currently owned by a thread:  ([mutex/lock_event])
[0x000001ef4ea6af10] Heap_lock - owner thread: 0x000001ef4ea6ed20

Heap address: 0x0000000082800000, size: 2008 MB, Compressed Oops mode: 32-bit

CDS archive(s) mapped at: [0x0000000000000000-0x0000000000000000-0x0000000000000000), size 0, SharedBaseAddress: 0x0000000800000000, ArchiveRelocationMode: 1.
Narrow klass base: 0x0000000000000000, Narrow klass shift: 0, Narrow klass range: 0x0

GC Precious Log:
<Empty>

Heap:
 garbage-first heap   total 0K, used 0K [0x0000000082800000, 0x0000000100000000)
  region size 1024K, 0 young (0K), 0 survivors (0K)
 Metaspace       used 0K, committed 0K, reserved 0K
  class space    used 0K, committed 0K, reserved 0K

Heap Regions: E=young(eden), S=young(survivor), O=old, HS=humongous(starts), HC=humongous(continues), CS=collection set, F=free, OA=open archive, CA=closed archive, TAMS=top-at-mark-start (previous, next)

Card table byte_map: [0x000001ef615d0000,0x000001ef619c0000] _byte_map_base: 0x000001ef611bc000

Marking Bits (Prev, Next): (CMBitMap*) 0x000001ef4eac8180, (CMBitMap*) 0x000001ef4eac81c0
 Prev Bits: [0x000001ef61db0000, 0x000001ef63d10000)
 Next Bits: [0x000001ef63d10000, 0x000001ef65c70000)

GC Heap History (0 events):
No events

Dll operation events (1 events):
Event: 0.020 Loaded shared library C:\Program Files\JetBrains\IntelliJ IDEA 2023.3.3\jbr\bin\java.dll

Deoptimization events (0 events):
No events

Classes unloaded (0 events):
No events

Classes redefined (0 events):
No events

Internal exceptions (0 events):
No events

VM Operations (0 events):
No events

Events (0 events):
No events


Dynamic libraries:
0x00007ff7e1700000 - 0x00007ff7e170a000 	C:\Program Files\JetBrains\IntelliJ IDEA 2023.3.3\jbr\bin\java.exe
0x00007ff905770000 - 0x00007ff905986000 	C:\WINDOWS\SYSTEM32\ntdll.dll
0x00007ff904ab0000 - 0x00007ff904b74000 	C:\WINDOWS\System32\KERNEL32.DLL
0x00007ff902c80000 - 0x00007ff903027000 	C:\WINDOWS\System32\KERNELBASE.dll
0x00007ff902b30000 - 0x00007ff902c41000 	C:\WINDOWS\System32\ucrtbase.dll
0x00007ff89ed90000 - 0x00007ff89eda7000 	C:\Program Files\JetBrains\IntelliJ IDEA 2023.3.3\jbr\bin\jli.dll
0x00007ff8a4b40000 - 0x00007ff8a4b5b000 	C:\Program Files\JetBrains\IntelliJ IDEA 2023.3.3\jbr\bin\VCRUNTIME140.dll
0x00007ff904c20000 - 0x00007ff904dce000 	C:\WINDOWS\System32\USER32.dll
0x00007ff902c50000 - 0x00007ff902c76000 	C:\WINDOWS\System32\win32u.dll
0x00007ff904ff0000 - 0x00007ff905019000 	C:\WINDOWS\System32\GDI32.dll
0x00007ff9032c0000 - 0x00007ff9033d9000 	C:\WINDOWS\System32\gdi32full.dll
0x00007ff8ed050000 - 0x00007ff8ed2e3000 	C:\WINDOWS\WinSxS\amd64_microsoft.windows.common-controls_6595b64144ccf1df_6.0.22621.3235_none_270f74e173860f98\COMCTL32.dll
0x00007ff903220000 - 0x00007ff9032ba000 	C:\WINDOWS\System32\msvcp_win.dll
0x00007ff905230000 - 0x00007ff9052d7000 	C:\WINDOWS\System32\msvcrt.dll
0x00007ff904b80000 - 0x00007ff904bb1000 	C:\WINDOWS\System32\IMM32.DLL
0x00007ff8f5450000 - 0x00007ff8f545c000 	C:\Program Files\JetBrains\IntelliJ IDEA 2023.3.3\jbr\bin\vcruntime140_1.dll
0x00007ff86ef10000 - 0x00007ff86ef9d000 	C:\Program Files\JetBrains\IntelliJ IDEA 2023.3.3\jbr\bin\msvcp140.dll
0x00007ff894580000 - 0x00007ff895202000 	C:\Program Files\JetBrains\IntelliJ IDEA 2023.3.3\jbr\bin\server\jvm.dll
0x00007ff904dd0000 - 0x00007ff904e82000 	C:\WINDOWS\System32\ADVAPI32.dll
0x00007ff904580000 - 0x00007ff904628000 	C:\WINDOWS\System32\sechost.dll
0x00007ff902b00000 - 0x00007ff902b28000 	C:\WINDOWS\System32\bcrypt.dll
0x00007ff9054f0000 - 0x00007ff905605000 	C:\WINDOWS\System32\RPCRT4.dll
0x00007ff8fa580000 - 0x00007ff8fa5b4000 	C:\WINDOWS\SYSTEM32\WINMM.dll
0x00007ff902960000 - 0x00007ff9029ad000 	C:\WINDOWS\SYSTEM32\POWRPROF.dll
0x00007ff8f3290000 - 0x00007ff8f329a000 	C:\WINDOWS\SYSTEM32\VERSION.dll
0x00007ff8de4a0000 - 0x00007ff8de4a9000 	C:\WINDOWS\SYSTEM32\WSOCK32.dll
0x00007ff905030000 - 0x00007ff9050a1000 	C:\WINDOWS\System32\WS2_32.dll
0x00007ff902790000 - 0x00007ff9027a3000 	C:\WINDOWS\SYSTEM32\UMPDC.dll
0x00007ff901a90000 - 0x00007ff901aa8000 	C:\WINDOWS\SYSTEM32\kernel.appcore.dll
0x00007ff8faea0000 - 0x00007ff8faeaa000 	C:\Program Files\JetBrains\IntelliJ IDEA 2023.3.3\jbr\bin\jimage.dll
0x00007ff8ee1b0000 - 0x00007ff8ee3e3000 	C:\WINDOWS\SYSTEM32\DBGHELP.DLL
0x00007ff9041f0000 - 0x00007ff904578000 	C:\WINDOWS\System32\combase.dll
0x00007ff904ea0000 - 0x00007ff904f77000 	C:\WINDOWS\System32\OLEAUT32.dll
0x00007ff8d53b0000 - 0x00007ff8d53e2000 	C:\WINDOWS\SYSTEM32\dbgcore.DLL
0x00007ff903030000 - 0x00007ff9030a9000 	C:\WINDOWS\System32\bcryptPrimitives.dll
0x00007ff8ebc10000 - 0x00007ff8ebc35000 	C:\Program Files\JetBrains\IntelliJ IDEA 2023.3.3\jbr\bin\java.dll

dbghelp: loaded successfully - version: 4.0.5 - missing functions: none
symbol engine: initialized successfully - sym options: 0x614 - pdb path: .;C:\Program Files\JetBrains\IntelliJ IDEA 2023.3.3\jbr\bin;C:\WINDOWS\SYSTEM32;C:\WINDOWS\WinSxS\amd64_microsoft.windows.common-controls_6595b64144ccf1df_6.0.22621.3235_none_270f74e173860f98;C:\Program Files\JetBrains\IntelliJ IDEA 2023.3.3\jbr\bin\server

VM Arguments:
java_command: git4idea.http.GitAskPassApp Username for 'https://github.com': 
java_class_path (initial): C:/Program Files/JetBrains/IntelliJ IDEA 2023.3.3/plugins/vcs-git/lib/git4idea-rt.jar;C:/Program Files/JetBrains/IntelliJ IDEA 2023.3.3/lib/externalProcess-rt.jar
Launcher Type: SUN_STANDARD

[Global flags]
     intx CICompilerCount                          = 3                                         {product} {ergonomic}
     uint ConcGCThreads                            = 1                                         {product} {ergonomic}
     uint G1ConcRefinementThreads                  = 4                                         {product} {ergonomic}
   size_t G1HeapRegionSize                         = 1048576                                   {product} {ergonomic}
    uintx GCDrainStackTargetSize                   = 64                                        {product} {ergonomic}
   size_t InitialHeapSize                          = 132120576                                 {product} {ergonomic}
   size_t MarkStackSize                            = 4194304                                   {product} {ergonomic}
   size_t MaxHeapSize                              = 2105540608                                {product} {ergonomic}
   size_t MinHeapDeltaBytes                        = 1048576                                   {product} {ergonomic}
   size_t MinHeapSize                              = 8388608                                   {product} {ergonomic}
    uintx NonNMethodCodeHeapSize                   = 5832780                                {pd product} {ergonomic}
    uintx NonProfiledCodeHeapSize                  = 122912730                              {pd product} {ergonomic}
    uintx ProfiledCodeHeapSize                     = 122912730                              {pd product} {ergonomic}
    uintx ReservedCodeCacheSize                    = 251658240                              {pd product} {ergonomic}
     bool SegmentedCodeCache                       = true                                      {product} {ergonomic}
   size_t SoftMaxHeapSize                          = 2105540608                             {manageable} {ergonomic}
     bool UseCompressedClassPointers               = true                           {product lp64_product} {ergonomic}
     bool UseCompressedOops                        = true                           {product lp64_product} {ergonomic}
     bool UseG1GC                                  = true                                      {product} {ergonomic}
     bool UseLargePagesIndividualAllocation        = false                                  {pd product} {ergonomic}

Logging:
Log output configuration:
 #0: stdout all=warning uptime,level,tags
 #1: stderr all=off uptime,level,tags

Environment Variables:
PATH=C:\Program Files\Git\mingw64\libexec\git-core;C:\Program Files\Git\mingw64\libexec\git-core;C:\Program Files\Git\mingw64\bin;C:\Program Files\Git\usr\bin;C:\Users\arapb\bin;C:\Windows\System32\HWAudioDriverLibs;C:\Windows\system32;C:\Windows;C:\Windows\System32\Wbem;C:\Windows\System32\WindowsPowerShell\v1.0;C:\Windows\System32\OpenSSH;C:\Windows\system32\config\systemprofile\AppData\Local\Microsoft\WindowsApps;C:\WINDOWS\system32;C:\WINDOWS;C:\WINDOWS\System32\Wbem;C:\WINDOWS\System32\WindowsPowerShell\v1.0;C:\WINDOWS\System32\OpenSSH;C:\Program Files (x86)\dotnet;C:\xampp\php;C:\Program Files\dotnet;C:\Program Files (x86)\IVI Foundation\VISA\WinNT\Bin;C:\Program Files\IVI Foundation\VISA\Win64\Bin;C:\Program Files (x86)\IVI Foundation\IVI\Bin;C:\Program Files\IVI Foundation\IVI\Bin;C:\Program Files (x86)\IVI Foundation\VISA\WinNT\Bin;C:\Program Files\nodejs;C:\Program Files\Docker\Docker\resources\bin;C:\Program Files\Git\cmd;C:\Program Files\PowerShell\7;C:\Program Files\Microsoft SQL Server\150\Tools\Binn;C:\Program Files\Microsoft SQL Server\Client SDK\ODBC\170\Tools\Binn;C:\Users\arapb\AppData\Local\Microsoft\WindowsApps;C:\Program Files\JetBrains\IntelliJ IDEA Community Edition 2022.3.1\bin;C:\Program Files\JetBrains\PhpStorm 2023.2.3\bin;C:\Program Files\JetBrains\IntelliJ IDEA 2023.3.3\bin;C:\Users\arapb\AppData\Local\Programs\Microsoft VS Code\bin;C:\Users\arapb\AppData\Roaming\npm;C:\Users\arapb\AppData\Local\GitHubDesktop\bin;C:\Users\arapb\.dotnet\tools
USERNAME=Tuyechiev
DISPLAY=:0.0
LC_ALL=en_US.UTF-8
TERM=xterm-256color
TMPDIR=C:\Users\arapb\AppData\Local\Temp
OS=Windows_NT
PROCESSOR_IDENTIFIER=Intel64 Family 6 Model 142 Stepping 12, GenuineIntel
TMP=C:\Users\arapb\AppData\Local\Temp
TEMP=C:\Users\arapb\AppData\Local\Temp



Periodic native trim disabled

JNI global refs:
JNI global refs: 0, weak refs: 0

JNI global refs memory usage: 0, weak refs: 0

OOME stack traces (most recent first):
Classloader memory used:


---------------  S Y S T E M  ---------------

OS:
 Windows 11 , 64 bit Build 22621 (10.0.22621.3374)
OS uptime: 7 days 0:06 hours
Hyper-V role detected

CPU: total 4 (initial active 4) (2 cores per cpu, 2 threads per core) family 6 model 142 stepping 12 microcode 0xde, cx8, cmov, fxsr, ht, mmx, 3dnowpref, sse, sse2, sse3, ssse3, sse4.1, sse4.2, popcnt, lzcnt, tsc, tscinvbit, avx, avx2, aes, erms, clmul, bmi1, bmi2, adx, fma, vzeroupper, clflush, clflushopt, hv
Processor Information for all 4 processors :
  Max Mhz: 2592, Current Mhz: 2592, Mhz Limit: 2073

Memory: 4k page, system-wide physical 8025M (417M free)
TotalPageFile size 21191M (AvailPageFile size 33M)
current process WorkingSet (physical memory assigned to process): 11M, peak: 11M
current process commit charge ("private bytes"): 52M, peak: 178M

vm_info: OpenJDK 64-Bit Server VM (17.0.9+7-b1087.11) for windows-amd64 JRE (17.0.9+7-b1087.11), built on 2024-01-05 by "builduser" with MS VC++ 16.10 / 16.11 (VS2019)

END.
